32
********************************************************
steps: 8198
episodes: 10
mean 100 episode reward: -20.8
% time spent exploring: 91
Loss: [0.0]
********************************************************
********************************************************
steps: 16970
episodes: 20
mean 100 episode reward: -20.6
% time spent exploring: 83
Loss: 0.00014511781046167016
********************************************************
********************************************************
steps: 26264
episodes: 30
mean 100 episode reward: -20.6
% time spent exploring: 74
Loss: 0.02927377074956894
********************************************************
********************************************************
steps: 35366
episodes: 40
mean 100 episode reward: -20.5
% time spent exploring: 65
Loss: 0.03043629229068756
********************************************************
********************************************************
steps: 44389
episodes: 50
mean 100 episode reward: -20.5
% time spent exploring: 56
Loss: 0.03016839176416397
********************************************************
********************************************************
steps: 53292
episodes: 60
mean 100 episode reward: -20.5
% time spent exploring: 47
Loss: 0.04658861085772514
********************************************************
********************************************************
steps: 61850
episodes: 70
mean 100 episode reward: -20.4
% time spent exploring: 39
Loss: 0.000275219208560884
********************************************************
********************************************************
steps: 70734
episodes: 80
mean 100 episode reward: -20.4
% time spent exploring: 30
Loss: 0.06135750561952591
********************************************************
********************************************************
steps: 79463
episodes: 90
mean 100 episode reward: -20.5
% time spent exploring: 22
Loss: 0.0002502492570783943
********************************************************
********************************************************
steps: 87918
episodes: 100
mean 100 episode reward: -20.5
% time spent exploring: 13
Loss: 0.00016304028395097703
********************************************************
********************************************************
steps: 96217
episodes: 110
mean 100 episode reward: -20.5
% time spent exploring: 5
Loss: 0.01496580708771944
********************************************************
********************************************************
steps: 104523
episodes: 120
mean 100 episode reward: -20.5
% time spent exploring: 2
Loss: 0.01543870847672224
********************************************************
********************************************************
steps: 112493
episodes: 130
mean 100 episode reward: -20.6
% time spent exploring: 2
Loss: 0.044941246509552
********************************************************
********************************************************
steps: 120582
episodes: 140
mean 100 episode reward: -20.6
% time spent exploring: 2
Loss: 0.00016490291454829276
********************************************************
********************************************************
steps: 128735
episodes: 150
mean 100 episode reward: -20.7
% time spent exploring: 2
Loss: 0.015099182724952698
********************************************************
********************************************************
steps: 136906
episodes: 160
mean 100 episode reward: -20.7
% time spent exploring: 2
Loss: 0.01576799899339676
********************************************************
********************************************************
steps: 145032
episodes: 170
mean 100 episode reward: -20.8
% time spent exploring: 2
Loss: 7.077983173076063e-05
********************************************************
********************************************************
steps: 153036
episodes: 180
mean 100 episode reward: -20.8
% time spent exploring: 2
Loss: 0.01511362474411726
********************************************************
********************************************************
steps: 160929
episodes: 190
mean 100 episode reward: -20.8
% time spent exploring: 2
Loss: 0.0006793407956138253
********************************************************
********************************************************
steps: 169092
episodes: 200
mean 100 episode reward: -20.8
% time spent exploring: 2
Loss: 0.03108234889805317
********************************************************
********************************************************
steps: 177272
episodes: 210
mean 100 episode reward: -20.8
% time spent exploring: 2
Loss: 0.030659597367048264
********************************************************
********************************************************
steps: 185368
episodes: 220
mean 100 episode reward: -20.9
% time spent exploring: 2
Loss: 0.01510640513151884
********************************************************
********************************************************
steps: 193606
episodes: 230
mean 100 episode reward: -20.8
% time spent exploring: 2
Loss: 0.01568453386425972
********************************************************
********************************************************
steps: 201860
episodes: 240
mean 100 episode reward: -20.9
% time spent exploring: 2
Loss: 0.015258768573403358
********************************************************
********************************************************
steps: 209872
episodes: 250
mean 100 episode reward: -20.8
% time spent exploring: 2
Loss: 0.0003580580814741552
********************************************************
********************************************************
steps: 217888
episodes: 260
mean 100 episode reward: -20.9
% time spent exploring: 2
Loss: 0.027869876474142075
********************************************************
********************************************************
steps: 226326
episodes: 270
mean 100 episode reward: -20.8
% time spent exploring: 2
Loss: 3.847321931971237e-05
********************************************************
********************************************************
steps: 234492
episodes: 280
mean 100 episode reward: -20.8
% time spent exploring: 2
Loss: 0.0006542715127579868
********************************************************
********************************************************
steps: 242571
episodes: 290
mean 100 episode reward: -20.8
% time spent exploring: 2
Loss: 0.00041983521077781916
********************************************************
********************************************************
steps: 250470
episodes: 300
mean 100 episode reward: -20.8
% time spent exploring: 2
Loss: 0.0006018204148858786
********************************************************
********************************************************
steps: 258537
episodes: 310
mean 100 episode reward: -20.9
% time spent exploring: 2
Loss: 0.01738785393536091
********************************************************
********************************************************
steps: 266974
episodes: 320
mean 100 episode reward: -20.8
% time spent exploring: 2
Loss: 0.0010798359289765358
********************************************************
********************************************************
steps: 275285
episodes: 330
mean 100 episode reward: -20.8
% time spent exploring: 2
Loss: 0.00014487843145616353
********************************************************
********************************************************
steps: 283642
episodes: 340
mean 100 episode reward: -20.8
% time spent exploring: 2
Loss: 0.00012127498484915122
********************************************************
********************************************************
steps: 291811
episodes: 350
mean 100 episode reward: -20.8
% time spent exploring: 2
Loss: 0.0006237792549654841
********************************************************
********************************************************
steps: 300053
episodes: 360
mean 100 episode reward: -20.8
% time spent exploring: 2
Loss: 0.0004144520789850503
********************************************************
********************************************************
steps: 308187
episodes: 370
mean 100 episode reward: -20.8
% time spent exploring: 2
Loss: 0.0305401049554348
********************************************************
********************************************************
steps: 316262
episodes: 380
mean 100 episode reward: -20.8
% time spent exploring: 2
Loss: 0.016197355464100838
********************************************************
********************************************************
steps: 324619
episodes: 390
mean 100 episode reward: -20.8
% time spent exploring: 2
Loss: 0.03010708838701248
********************************************************
********************************************************
steps: 332562
episodes: 400
mean 100 episode reward: -20.8
% time spent exploring: 2
Loss: 0.015780838206410408
********************************************************
********************************************************
steps: 340779
episodes: 410
mean 100 episode reward: -20.8
% time spent exploring: 2
Loss: 0.0006096994038671255
********************************************************
********************************************************
steps: 348881
episodes: 420
mean 100 episode reward: -20.8
% time spent exploring: 2
Loss: 0.002990270499140024
********************************************************
********************************************************
steps: 356936
episodes: 430
mean 100 episode reward: -20.8
% time spent exploring: 2
Loss: 0.00010420187754789367
********************************************************
********************************************************
steps: 365402
episodes: 440
mean 100 episode reward: -20.8
% time spent exploring: 2
Loss: 0.00020408062846399844
********************************************************
********************************************************
steps: 373598
episodes: 450
mean 100 episode reward: -20.8
% time spent exploring: 2
Loss: 0.015831805765628815
********************************************************
********************************************************
steps: 381490
episodes: 460
mean 100 episode reward: -20.8
% time spent exploring: 2
Loss: 0.01526752021163702
********************************************************
********************************************************
steps: 389924
episodes: 470
mean 100 episode reward: -20.8
% time spent exploring: 2
Loss: 0.015183104202151299
********************************************************
********************************************************
steps: 397742
episodes: 480
mean 100 episode reward: -20.8
% time spent exploring: 2
Loss: 0.015310962684452534
********************************************************
********************************************************
steps: 405717
episodes: 490
mean 100 episode reward: -20.8
% time spent exploring: 2
Loss: 3.484644912532531e-05
********************************************************
********************************************************
steps: 413765
episodes: 500
mean 100 episode reward: -20.8
% time spent exploring: 2
Loss: 0.014801050536334515
********************************************************
********************************************************
steps: 421714
episodes: 510
mean 100 episode reward: -20.8
% time spent exploring: 2
Loss: 0.00035816547460854053
********************************************************
********************************************************
steps: 429779
episodes: 520
mean 100 episode reward: -20.8
% time spent exploring: 2
Loss: 0.0001792889815988019
********************************************************
********************************************************
steps: 437857
episodes: 530
mean 100 episode reward: -20.8
% time spent exploring: 2
Loss: 0.029006553813815117
********************************************************
********************************************************
steps: 445770
episodes: 540
mean 100 episode reward: -20.9
% time spent exploring: 2
Loss: 0.00020953935745637864
********************************************************
********************************************************
steps: 454104
episodes: 550
mean 100 episode reward: -20.8
% time spent exploring: 2
Loss: 0.03069700114428997
********************************************************
********************************************************
steps: 462007
episodes: 560
mean 100 episode reward: -20.8
% time spent exploring: 2
Loss: 0.02943561039865017
********************************************************
********************************************************
steps: 470126
episodes: 570
mean 100 episode reward: -20.8
% time spent exploring: 2
Loss: 0.07386159151792526
********************************************************
********************************************************
steps: 478266
episodes: 580
mean 100 episode reward: -20.8
% time spent exploring: 2
Loss: 0.0003105330397374928
********************************************************
********************************************************
steps: 486513
episodes: 590
mean 100 episode reward: -20.8
% time spent exploring: 2
Loss: 0.014886165037751198
********************************************************
********************************************************
steps: 494757
episodes: 600
mean 100 episode reward: -20.8
% time spent exploring: 2
Loss: 0.000419165357016027
********************************************************
********************************************************
steps: 502920
episodes: 610
mean 100 episode reward: -20.8
% time spent exploring: 2
Loss: 0.015893932431936264
********************************************************
********************************************************
steps: 511071
episodes: 620
mean 100 episode reward: -20.8
% time spent exploring: 2
Loss: 0.00024884543381631374
********************************************************
********************************************************
steps: 519386
episodes: 630
mean 100 episode reward: -20.8
% time spent exploring: 2
Loss: 0.0004366690991446376
********************************************************
********************************************************
steps: 527788
episodes: 640
mean 100 episode reward: -20.7
% time spent exploring: 2
Loss: 0.0004539938236121088
********************************************************
********************************************************
steps: 535717
episodes: 650
mean 100 episode reward: -20.7
% time spent exploring: 2
Loss: 0.015306147746741772
********************************************************
********************************************************
steps: 543810
episodes: 660
mean 100 episode reward: -20.7
% time spent exploring: 2
Loss: 0.0005242486950010061
********************************************************
********************************************************
steps: 551533
episodes: 670
mean 100 episode reward: -20.8
% time spent exploring: 2
Loss: 0.01521214097738266
********************************************************
********************************************************
steps: 559624
episodes: 680
mean 100 episode reward: -20.8
% time spent exploring: 2
Loss: 0.030087491497397423
********************************************************
********************************************************
steps: 567638
episodes: 690
mean 100 episode reward: -20.8
% time spent exploring: 2
Loss: 0.0009520929306745529
********************************************************
********************************************************
steps: 575752
episodes: 700
mean 100 episode reward: -20.8
% time spent exploring: 2
Loss: 0.015665270388126373
********************************************************
********************************************************
steps: 584028
episodes: 710
mean 100 episode reward: -20.8
% time spent exploring: 2
Loss: 0.0003357815439812839
********************************************************
********************************************************
steps: 591884
episodes: 720
mean 100 episode reward: -20.8
% time spent exploring: 2
Loss: 1.724032699712552e-05
********************************************************
********************************************************
steps: 599715
episodes: 730
mean 100 episode reward: -20.8
% time spent exploring: 2
Loss: 6.709941226290539e-05
********************************************************
********************************************************
steps: 607754
episodes: 740
mean 100 episode reward: -20.9
% time spent exploring: 2
Loss: 0.014802114106714725
********************************************************
********************************************************
steps: 615846
episodes: 750
mean 100 episode reward: -20.9
% time spent exploring: 2
Loss: 0.00018713426834437996
********************************************************
********************************************************
steps: 623842
episodes: 760
mean 100 episode reward: -20.9
% time spent exploring: 2
Loss: 0.0003700433298945427
********************************************************
********************************************************
steps: 631893
episodes: 770
mean 100 episode reward: -20.9
% time spent exploring: 2
Loss: 0.015214672312140465
********************************************************
********************************************************
steps: 640043
episodes: 780
mean 100 episode reward: -20.9
% time spent exploring: 2
Loss: 0.000155734465806745
********************************************************
********************************************************
steps: 648281
episodes: 790
mean 100 episode reward: -20.9
% time spent exploring: 2
Loss: 0.000623702653683722
********************************************************
********************************************************
steps: 656723
episodes: 800
mean 100 episode reward: -20.9
% time spent exploring: 2
Loss: 0.015584263019263744
********************************************************
********************************************************
steps: 664948
episodes: 810
mean 100 episode reward: -20.9
% time spent exploring: 2
Loss: 0.00048171094385907054
********************************************************
********************************************************
steps: 672699
episodes: 820
mean 100 episode reward: -20.9
% time spent exploring: 2
Loss: 0.01607903279364109
********************************************************
********************************************************
steps: 680982
episodes: 830
mean 100 episode reward: -20.8
% time spent exploring: 2
Loss: 0.015110091306269169
********************************************************
********************************************************
steps: 688887
episodes: 840
mean 100 episode reward: -20.8
% time spent exploring: 2
Loss: 0.0005084732547402382
********************************************************
********************************************************
steps: 696920
episodes: 850
mean 100 episode reward: -20.8
% time spent exploring: 2
Loss: 0.0007700370042584836
********************************************************
********************************************************
steps: 704840
episodes: 860
mean 100 episode reward: -20.8
% time spent exploring: 2
Loss: 0.05861740559339523
********************************************************
********************************************************
steps: 712865
episodes: 870
mean 100 episode reward: -20.8
% time spent exploring: 2
Loss: 0.015252226032316685
********************************************************
********************************************************
steps: 720981
episodes: 880
mean 100 episode reward: -20.8
% time spent exploring: 2
Loss: 0.02993326261639595
********************************************************
********************************************************
steps: 729271
episodes: 890
mean 100 episode reward: -20.8
% time spent exploring: 2
Loss: 0.0004268697230145335
********************************************************
********************************************************
steps: 737298
episodes: 900
mean 100 episode reward: -20.8
% time spent exploring: 2
Loss: 0.030209023505449295
********************************************************
********************************************************
steps: 745193
episodes: 910
mean 100 episode reward: -20.9
% time spent exploring: 2
Loss: 0.015239883214235306
********************************************************
********************************************************
steps: 753238
episodes: 920
mean 100 episode reward: -20.9
% time spent exploring: 2
Loss: 0.00021923563326708972
********************************************************
********************************************************
steps: 761419
episodes: 930
mean 100 episode reward: -20.9
% time spent exploring: 2
Loss: 0.015540293417870998
********************************************************
********************************************************
steps: 769497
episodes: 940
mean 100 episode reward: -20.9
% time spent exploring: 2
Loss: 0.046363603323698044
********************************************************
********************************************************
steps: 777428
episodes: 950
mean 100 episode reward: -20.9
% time spent exploring: 2
Loss: 0.045947421342134476
********************************************************
********************************************************
steps: 785361
episodes: 960
mean 100 episode reward: -20.9
% time spent exploring: 2
Loss: 0.0005034020869061351
********************************************************
********************************************************
steps: 793433
episodes: 970
mean 100 episode reward: -20.9
% time spent exploring: 2
Loss: 8.901196270016953e-05
********************************************************
********************************************************
steps: 801429
episodes: 980
mean 100 episode reward: -20.9
% time spent exploring: 2
Loss: 0.029647834599018097
********************************************************
********************************************************
steps: 809421
episodes: 990
mean 100 episode reward: -20.9
% time spent exploring: 2
Loss: 0.01509123109281063
********************************************************
********************************************************
steps: 817384
episodes: 1000
mean 100 episode reward: -20.9
% time spent exploring: 2
Loss: 0.016303855925798416
********************************************************
********************************************************
steps: 825246
episodes: 1010
mean 100 episode reward: -20.9
% time spent exploring: 2
Loss: 0.06138729676604271
********************************************************
********************************************************
steps: 833507
episodes: 1020
mean 100 episode reward: -20.9
% time spent exploring: 2
Loss: 0.01524878665804863
********************************************************
********************************************************
steps: 841610
episodes: 1030
mean 100 episode reward: -20.9
% time spent exploring: 2
Loss: 0.030851146206259727
********************************************************
********************************************************
steps: 849518
episodes: 1040
mean 100 episode reward: -20.9
% time spent exploring: 2
Loss: 0.0009046723134815693
********************************************************
********************************************************
steps: 857461
episodes: 1050
mean 100 episode reward: -20.9
% time spent exploring: 2
Loss: 0.030296461656689644
********************************************************
********************************************************
steps: 865549
episodes: 1060
mean 100 episode reward: -20.9
% time spent exploring: 2
Loss: 0.0004183122073300183
********************************************************
********************************************************
steps: 873473
episodes: 1070
mean 100 episode reward: -20.9
% time spent exploring: 2
Loss: 0.0006305415881797671
********************************************************
********************************************************
steps: 881711
episodes: 1080
mean 100 episode reward: -20.9
% time spent exploring: 2
Loss: 0.015411986969411373
********************************************************
********************************************************
steps: 889829
episodes: 1090
mean 100 episode reward: -20.9
% time spent exploring: 2
Loss: 0.015236737206578255
********************************************************
********************************************************
steps: 897654
episodes: 1100
mean 100 episode reward: -20.9
% time spent exploring: 2
Loss: 0.015585259534418583
********************************************************
********************************************************
steps: 905853
episodes: 1110
mean 100 episode reward: -20.8
% time spent exploring: 2
Loss: 0.0003482369938865304
********************************************************
********************************************************
steps: 913976
episodes: 1120
mean 100 episode reward: -20.8
% time spent exploring: 2
Loss: 0.0003736091312021017
********************************************************
********************************************************
steps: 922264
episodes: 1130
mean 100 episode reward: -20.8
% time spent exploring: 2
Loss: 0.029840633273124695
********************************************************
********************************************************
steps: 930507
episodes: 1140
mean 100 episode reward: -20.8
% time spent exploring: 2
Loss: 0.00017857975035440177
********************************************************
********************************************************
steps: 938243
episodes: 1150
mean 100 episode reward: -20.8
% time spent exploring: 2
Loss: 0.019297027960419655
********************************************************
********************************************************
steps: 946546
episodes: 1160
mean 100 episode reward: -20.8
% time spent exploring: 2
Loss: 0.0004217776586301625
********************************************************
********************************************************
steps: 954862
episodes: 1170
mean 100 episode reward: -20.8
% time spent exploring: 2
Loss: 0.0003013255773112178
********************************************************
********************************************************
steps: 962974
episodes: 1180
mean 100 episode reward: -20.8
% time spent exploring: 2
Loss: 7.827526133041829e-05
********************************************************
********************************************************
steps: 971044
episodes: 1190
mean 100 episode reward: -20.8
% time spent exploring: 2
Loss: 0.0001313559478148818
********************************************************
********************************************************
steps: 979188
episodes: 1200
mean 100 episode reward: -20.9
% time spent exploring: 2
Loss: 0.00048054091166704893
********************************************************
********************************************************
steps: 987222
episodes: 1210
mean 100 episode reward: -20.9
% time spent exploring: 2
Loss: 5.93369550188072e-05
********************************************************
********************************************************
steps: 995067
episodes: 1220
mean 100 episode reward: -20.9
% time spent exploring: 2
Loss: 0.00017285579815506935
********************************************************
Models/pongnoframeskip-v4/pongnoframeskip3.pth
Models/pongnoframeskip-v4/pongnoframeskip1.pth
Models/pongnoframeskip-v4/pongnoframeskip2.pth
