128
********************************************************
steps: 8111
episodes: 10
mean 100 episode reward: -20.7
% time spent exploring: 92
Loss: [0.0]
********************************************************
********************************************************
steps: 17392
episodes: 20
mean 100 episode reward: -20.4
% time spent exploring: 82
Loss: 0.005314361769706011
********************************************************
********************************************************
steps: 26851
episodes: 30
mean 100 episode reward: -20.4
% time spent exploring: 73
Loss: 0.0016680507687851787
********************************************************
********************************************************
steps: 36452
episodes: 40
mean 100 episode reward: -20.4
% time spent exploring: 64
Loss: 0.002998164389282465
********************************************************
********************************************************
steps: 46955
episodes: 50
mean 100 episode reward: -20.3
% time spent exploring: 53
Loss: 0.0010334772523492575
********************************************************
********************************************************
steps: 58689
episodes: 60
mean 100 episode reward: -20.3
% time spent exploring: 42
Loss: 0.0028143601957708597
********************************************************
********************************************************
steps: 74150
episodes: 70
mean 100 episode reward: -20.2
% time spent exploring: 27
Loss: 0.002998391166329384
********************************************************
********************************************************
steps: 92252
episodes: 80
mean 100 episode reward: -20.1
% time spent exploring: 9
Loss: 0.0031388334464281797
********************************************************
********************************************************
steps: 113196
episodes: 90
mean 100 episode reward: -19.9
% time spent exploring: 2
Loss: 0.003159318584948778
********************************************************
********************************************************
steps: 135827
episodes: 100
mean 100 episode reward: -19.6
% time spent exploring: 2
Loss: 0.0012576929293572903
********************************************************
********************************************************
steps: 160998
episodes: 110
mean 100 episode reward: -19.1
% time spent exploring: 2
Loss: 0.0015655024908483028
********************************************************
********************************************************
steps: 186532
episodes: 120
mean 100 episode reward: -18.6
% time spent exploring: 2
Loss: 0.002774519380182028
********************************************************
********************************************************
steps: 212753
episodes: 130
mean 100 episode reward: -17.9
% time spent exploring: 2
Loss: 0.0015327526489272714
********************************************************
********************************************************
steps: 238469
episodes: 140
mean 100 episode reward: -17.5
% time spent exploring: 2
Loss: 0.001624937867745757
********************************************************
********************************************************
steps: 269517
episodes: 150
mean 100 episode reward: -16.7
% time spent exploring: 2
Loss: 0.0019913127180188894
********************************************************
********************************************************
steps: 301215
episodes: 160
mean 100 episode reward: -15.7
% time spent exploring: 2
Loss: 0.0025098843034356833
********************************************************
********************************************************
steps: 335251
episodes: 170
mean 100 episode reward: -14.4
% time spent exploring: 2
Loss: 0.002609376795589924
********************************************************
********************************************************
steps: 365629
episodes: 180
mean 100 episode reward: -13.4
% time spent exploring: 2
Loss: 0.003291699104011059
********************************************************
********************************************************
steps: 394787
episodes: 190
mean 100 episode reward: -12.6
% time spent exploring: 2
Loss: 0.0023726769722998142
********************************************************
********************************************************
steps: 425650
episodes: 200
mean 100 episode reward: -11.2
% time spent exploring: 2
Loss: 0.002258175751194358
********************************************************
********************************************************
steps: 458095
episodes: 210
mean 100 episode reward: -9.9
% time spent exploring: 2
Loss: 0.001682668225839734
********************************************************
********************************************************
steps: 489573
episodes: 220
mean 100 episode reward: -8.1
% time spent exploring: 2
Loss: 0.003390880301594734
********************************************************
********************************************************
steps: 522498
episodes: 230
mean 100 episode reward: -6.3
% time spent exploring: 2
Loss: 0.0034120355267077684
********************************************************
********************************************************
steps: 549164
episodes: 240
mean 100 episode reward: -3.7
% time spent exploring: 2
Loss: 0.0018130738753825426
********************************************************
********************************************************
steps: 574499
episodes: 250
mean 100 episode reward: -1.2
% time spent exploring: 2
Loss: 0.0019465666264295578
********************************************************
********************************************************
steps: 596426
episodes: 260
mean 100 episode reward: 1.3
% time spent exploring: 2
Loss: 0.0036209612153470516
********************************************************
********************************************************
steps: 622231
episodes: 270
mean 100 episode reward: 3.2
% time spent exploring: 2
Loss: 0.0033344952389597893
********************************************************
********************************************************
steps: 645195
episodes: 280
mean 100 episode reward: 5.5
% time spent exploring: 2
Loss: 0.0037828434724360704
********************************************************
********************************************************
steps: 666831
episodes: 290
mean 100 episode reward: 8.1
% time spent exploring: 2
Loss: 0.008026725612580776
********************************************************
********************************************************
steps: 687190
episodes: 300
mean 100 episode reward: 10.1
% time spent exploring: 2
Loss: 0.001821791986003518
********************************************************
********************************************************
steps: 707349
episodes: 310
mean 100 episode reward: 12.1
% time spent exploring: 2
Loss: 0.0029261778108775616
********************************************************
********************************************************
steps: 727645
episodes: 320
mean 100 episode reward: 13.4
% time spent exploring: 2
Loss: 0.002604002831503749
********************************************************
********************************************************
steps: 746532
episodes: 330
mean 100 episode reward: 14.9
% time spent exploring: 2
Loss: 0.00161067140288651
********************************************************
********************************************************
steps: 764709
episodes: 340
mean 100 episode reward: 15.8
% time spent exploring: 2
Loss: 0.001143972622230649
********************************************************
********************************************************
steps: 783887
episodes: 350
mean 100 episode reward: 16.3
% time spent exploring: 2
Loss: 0.0017918196972459555
********************************************************
********************************************************
steps: 803009
episodes: 360
mean 100 episode reward: 16.6
% time spent exploring: 2
Loss: 0.004573465324938297
********************************************************
********************************************************
steps: 822188
episodes: 370
mean 100 episode reward: 17.2
% time spent exploring: 2
Loss: 0.0021664975211024284
********************************************************
********************************************************
steps: 841663
episodes: 380
mean 100 episode reward: 17.5
% time spent exploring: 2
Loss: 0.002174580469727516
********************************************************
********************************************************
steps: 861753
episodes: 390
mean 100 episode reward: 17.7
% time spent exploring: 2
Loss: 0.0010692698415368795
********************************************************
********************************************************
steps: 880498
episodes: 400
mean 100 episode reward: 17.9
% time spent exploring: 2
Loss: 0.0028526766691356897
********************************************************
********************************************************
steps: 898228
episodes: 410
mean 100 episode reward: 18.1
% time spent exploring: 2
Loss: 0.001884864061139524
********************************************************
********************************************************
steps: 917365
episodes: 420
mean 100 episode reward: 18.3
% time spent exploring: 2
Loss: 0.002323301974684
********************************************************
********************************************************
steps: 936434
episodes: 430
mean 100 episode reward: 18.3
% time spent exploring: 2
Loss: 0.0038819205947220325
********************************************************
********************************************************
steps: 956000
episodes: 440
mean 100 episode reward: 18.1
% time spent exploring: 2
Loss: 0.0019262304995208979
********************************************************
********************************************************
steps: 975257
episodes: 450
mean 100 episode reward: 18.1
% time spent exploring: 2
Loss: 0.0028914096765220165
********************************************************
********************************************************
steps: 992967
episodes: 460
mean 100 episode reward: 18.3
% time spent exploring: 2
Loss: 0.0016426942311227322
********************************************************
Models/pongnoframeskip-v4/pongnoframeskip3.pth
Models/pongnoframeskip-v4/pongnoframeskip5.pth
Models/pongnoframeskip-v4/pongnoframeskip1.pth
Models/pongnoframeskip-v4/pongnoframeskip4.pth
Models/pongnoframeskip-v4/pongnoframeskip2.pth
