16
********************************************************
steps: 7799
episodes: 10
mean 100 episode reward: -20.8
% time spent exploring: 92
Loss: [0.0]
********************************************************
********************************************************
steps: 16276
episodes: 20
mean 100 episode reward: -20.7
% time spent exploring: 84
Loss: 0.030540838837623596
********************************************************
********************************************************
steps: 25529
episodes: 30
mean 100 episode reward: -20.6
% time spent exploring: 74
Loss: 0.0016491346759721637
********************************************************
********************************************************
steps: 35295
episodes: 40
mean 100 episode reward: -20.4
% time spent exploring: 65
Loss: 0.0024903430603444576
********************************************************
********************************************************
steps: 44649
episodes: 50
mean 100 episode reward: -20.4
% time spent exploring: 56
Loss: 0.0022994254250079393
********************************************************
********************************************************
steps: 53371
episodes: 60
mean 100 episode reward: -20.4
% time spent exploring: 47
Loss: 0.001542104291729629
********************************************************
********************************************************
steps: 62124
episodes: 70
mean 100 episode reward: -20.4
% time spent exploring: 39
Loss: 0.0017501446418464184
********************************************************
********************************************************
steps: 70774
episodes: 80
mean 100 episode reward: -20.4
% time spent exploring: 30
Loss: 0.0063347951509058475
********************************************************
********************************************************
steps: 79587
episodes: 90
mean 100 episode reward: -20.4
% time spent exploring: 22
Loss: 0.026669742539525032
********************************************************
********************************************************
steps: 89641
episodes: 100
mean 100 episode reward: -20.3
% time spent exploring: 12
Loss: 0.003018889343366027
********************************************************
********************************************************
steps: 100454
episodes: 110
mean 100 episode reward: -20.2
% time spent exploring: 2
Loss: 0.002032653661444783
********************************************************
********************************************************
steps: 114465
episodes: 120
mean 100 episode reward: -19.9
% time spent exploring: 2
Loss: 0.004672255367040634
********************************************************
********************************************************
steps: 128346
episodes: 130
mean 100 episode reward: -19.7
% time spent exploring: 2
Loss: 0.002054184442386031
********************************************************
********************************************************
steps: 144235
episodes: 140
mean 100 episode reward: -19.3
% time spent exploring: 2
Loss: 0.0009396256064064801
********************************************************
********************************************************
steps: 161464
episodes: 150
mean 100 episode reward: -18.8
% time spent exploring: 2
Loss: 0.0010568692814558744
********************************************************
********************************************************
steps: 179902
episodes: 160
mean 100 episode reward: -18.4
% time spent exploring: 2
Loss: 0.0033517121337354183
********************************************************
********************************************************
steps: 198664
episodes: 170
mean 100 episode reward: -17.9
% time spent exploring: 2
Loss: 0.000502060807775706
********************************************************
********************************************************
steps: 220027
episodes: 180
mean 100 episode reward: -17.3
% time spent exploring: 2
Loss: 0.006742583587765694
********************************************************
********************************************************
steps: 241567
episodes: 190
mean 100 episode reward: -16.5
% time spent exploring: 2
Loss: 0.00091147655621171
********************************************************
********************************************************
steps: 266414
episodes: 200
mean 100 episode reward: -15.6
% time spent exploring: 2
Loss: 0.0023219918366521597
********************************************************
********************************************************
steps: 291958
episodes: 210
mean 100 episode reward: -14.6
% time spent exploring: 2
Loss: 0.0008998843841254711
********************************************************
********************************************************
steps: 316571
episodes: 220
mean 100 episode reward: -13.9
% time spent exploring: 2
Loss: 0.0012913801474496722
********************************************************
********************************************************
steps: 341460
episodes: 230
mean 100 episode reward: -13.1
% time spent exploring: 2
Loss: 0.004699018783867359
********************************************************
********************************************************
steps: 368003
episodes: 240
mean 100 episode reward: -12.3
% time spent exploring: 2
Loss: 0.0025180582888424397
********************************************************
********************************************************
steps: 397648
episodes: 250
mean 100 episode reward: -11.3
% time spent exploring: 2
Loss: 0.000850867189001292
********************************************************
********************************************************
steps: 423717
episodes: 260
mean 100 episode reward: -10.6
% time spent exploring: 2
Loss: 0.005675237160176039
********************************************************
********************************************************
steps: 453415
episodes: 270
mean 100 episode reward: -9.6
% time spent exploring: 2
Loss: 0.0003530400281306356
********************************************************
********************************************************
steps: 480964
episodes: 280
mean 100 episode reward: -9.0
% time spent exploring: 2
Loss: 0.005761198699474335
********************************************************
********************************************************
steps: 510452
episodes: 290
mean 100 episode reward: -8.3
% time spent exploring: 2
Loss: 0.00296253664419055
********************************************************
********************************************************
steps: 543276
episodes: 300
mean 100 episode reward: -7.5
% time spent exploring: 2
Loss: 0.005646849982440472
********************************************************
********************************************************
steps: 575527
episodes: 310
mean 100 episode reward: -6.9
% time spent exploring: 2
Loss: 0.0025510136038064957
********************************************************
********************************************************
steps: 610766
episodes: 320
mean 100 episode reward: -5.9
% time spent exploring: 2
Loss: 0.00508659053593874
********************************************************
********************************************************
steps: 644664
episodes: 330
mean 100 episode reward: -4.9
% time spent exploring: 2
Loss: 0.002102308440953493
********************************************************
********************************************************
steps: 680466
episodes: 340
mean 100 episode reward: -4.2
% time spent exploring: 2
Loss: 0.0016119324136525393
********************************************************
********************************************************
steps: 716455
episodes: 350
mean 100 episode reward: -3.2
% time spent exploring: 2
Loss: 0.0027918354608118534
********************************************************
********************************************************
steps: 753194
episodes: 360
mean 100 episode reward: -2.0
% time spent exploring: 2
Loss: 0.002416067523881793
********************************************************
********************************************************
steps: 786203
episodes: 370
mean 100 episode reward: -1.0
% time spent exploring: 2
Loss: 0.003558478085324168
********************************************************
********************************************************
steps: 820344
episodes: 380
mean 100 episode reward: 0.3
% time spent exploring: 2
Loss: 0.009776375256478786
********************************************************
********************************************************
steps: 849152
episodes: 390
mean 100 episode reward: 2.0
% time spent exploring: 2
Loss: 0.004012783523648977
********************************************************
********************************************************
steps: 877452
episodes: 400
mean 100 episode reward: 3.2
% time spent exploring: 2
Loss: 0.001740644802339375
********************************************************
********************************************************
steps: 906298
episodes: 410
mean 100 episode reward: 4.5
% time spent exploring: 2
Loss: 0.002378189703449607
********************************************************
********************************************************
steps: 936776
episodes: 420
mean 100 episode reward: 5.5
% time spent exploring: 2
Loss: 0.007107974961400032
********************************************************
********************************************************
steps: 965385
episodes: 430
mean 100 episode reward: 6.4
% time spent exploring: 2
Loss: 0.0013292356161400676
********************************************************
********************************************************
steps: 999117
episodes: 440
mean 100 episode reward: 7.0
% time spent exploring: 2
Loss: 0.010351048782467842
********************************************************
Models/pongnoframeskip-v4/pongnoframeskip1.pth
Models/pongnoframeskip-v4/pongnoframeskip2.pth
