64
********************************************************
steps: 8653
episodes: 10
mean 100 episode reward: -20.0
% time spent exploring: 91
Loss: [0.0]
********************************************************
********************************************************
steps: 18104
episodes: 20
mean 100 episode reward: -20.1
% time spent exploring: 82
Loss: 0.0060446495190262794
********************************************************
********************************************************
steps: 26739
episodes: 30
mean 100 episode reward: -20.2
% time spent exploring: 73
Loss: 0.0019397963769733906
********************************************************
********************************************************
steps: 36057
episodes: 40
mean 100 episode reward: -20.3
% time spent exploring: 64
Loss: 0.0038675693795084953
********************************************************
********************************************************
steps: 45777
episodes: 50
mean 100 episode reward: -20.2
% time spent exploring: 55
Loss: 0.001490128692239523
********************************************************
********************************************************
steps: 56073
episodes: 60
mean 100 episode reward: -20.2
% time spent exploring: 45
Loss: 0.00327119673602283
********************************************************
********************************************************
steps: 70096
episodes: 70
mean 100 episode reward: -19.9
% time spent exploring: 31
Loss: 0.002610590076074004
********************************************************
********************************************************
steps: 86161
episodes: 80
mean 100 episode reward: -19.6
% time spent exploring: 15
Loss: 0.0037691378965973854
********************************************************
********************************************************
steps: 104603
episodes: 90
mean 100 episode reward: -19.2
% time spent exploring: 2
Loss: 0.003194522112607956
********************************************************
********************************************************
steps: 125177
episodes: 100
mean 100 episode reward: -18.9
% time spent exploring: 2
Loss: 0.0033769202418625355
********************************************************
********************************************************
steps: 148138
episodes: 110
mean 100 episode reward: -18.3
% time spent exploring: 2
Loss: 0.004670560825616121
********************************************************
********************************************************
steps: 174725
episodes: 120
mean 100 episode reward: -17.6
% time spent exploring: 2
Loss: 0.0028745229355990887
********************************************************
********************************************************
steps: 201643
episodes: 130
mean 100 episode reward: -16.5
% time spent exploring: 2
Loss: 0.006603723391890526
********************************************************
********************************************************
steps: 230773
episodes: 140
mean 100 episode reward: -15.2
% time spent exploring: 2
Loss: 0.0021360921673476696
********************************************************
********************************************************
steps: 262829
episodes: 150
mean 100 episode reward: -13.7
% time spent exploring: 2
Loss: 0.001650121877901256
********************************************************
********************************************************
steps: 295452
episodes: 160
mean 100 episode reward: -12.1
% time spent exploring: 2
Loss: 0.0029538157396018505
********************************************************
********************************************************
steps: 326888
episodes: 170
mean 100 episode reward: -10.3
% time spent exploring: 2
Loss: 0.0016182622639462352
********************************************************
********************************************************
steps: 355730
episodes: 180
mean 100 episode reward: -7.7
% time spent exploring: 2
Loss: 0.0019603560212999582
********************************************************
********************************************************
steps: 377265
episodes: 190
mean 100 episode reward: -4.6
% time spent exploring: 2
Loss: 0.006937250029295683
********************************************************
********************************************************
steps: 403696
episodes: 200
mean 100 episode reward: -2.0
% time spent exploring: 2
Loss: 0.0024289502762258053
********************************************************
********************************************************
steps: 423957
episodes: 210
mean 100 episode reward: 1.0
% time spent exploring: 2
Loss: 0.0014828256098553538
********************************************************
********************************************************
steps: 444446
episodes: 220
mean 100 episode reward: 4.1
% time spent exploring: 2
Loss: 0.0030928042251616716
********************************************************
********************************************************
steps: 463367
episodes: 230
mean 100 episode reward: 6.8
% time spent exploring: 2
Loss: 0.00433312589302659
********************************************************
********************************************************
steps: 487099
episodes: 240
mean 100 episode reward: 9.0
% time spent exploring: 2
Loss: 0.002861298620700836
********************************************************
********************************************************
steps: 507994
episodes: 250
mean 100 episode reward: 11.1
% time spent exploring: 2
Loss: 0.0017956343945115805
********************************************************
********************************************************
steps: 531275
episodes: 260
mean 100 episode reward: 13.0
% time spent exploring: 2
Loss: 0.0018743411637842655
********************************************************
********************************************************
steps: 551286
episodes: 270
mean 100 episode reward: 14.7
% time spent exploring: 2
Loss: 0.0019053621217608452
********************************************************
********************************************************
steps: 572292
episodes: 280
mean 100 episode reward: 15.6
% time spent exploring: 2
Loss: 0.0023595676757395267
********************************************************
********************************************************
steps: 594988
episodes: 290
mean 100 episode reward: 15.7
% time spent exploring: 2
Loss: 0.003314515110105276
********************************************************
********************************************************
steps: 619241
episodes: 300
mean 100 episode reward: 16.0
% time spent exploring: 2
Loss: 0.002620949875563383
********************************************************
********************************************************
steps: 643010
episodes: 310
mean 100 episode reward: 15.9
% time spent exploring: 2
Loss: 0.0032175867818295956
********************************************************
********************************************************
steps: 666163
episodes: 320
mean 100 episode reward: 15.6
% time spent exploring: 2
Loss: 0.002081901067867875
********************************************************
********************************************************
steps: 690768
episodes: 330
mean 100 episode reward: 15.2
% time spent exploring: 2
Loss: 0.002211454091593623
********************************************************
********************************************************
steps: 713946
episodes: 340
mean 100 episode reward: 15.1
% time spent exploring: 2
Loss: 0.0012997600715607405
********************************************************
********************************************************
steps: 738677
episodes: 350
mean 100 episode reward: 14.9
% time spent exploring: 2
Loss: 0.0013361675664782524
********************************************************
********************************************************
steps: 760764
episodes: 360
mean 100 episode reward: 15.0
% time spent exploring: 2
Loss: 0.008920108899474144
********************************************************
********************************************************
steps: 781746
episodes: 370
mean 100 episode reward: 14.9
% time spent exploring: 2
Loss: 0.0024525632616132498
********************************************************
********************************************************
steps: 803586
episodes: 380
mean 100 episode reward: 14.8
% time spent exploring: 2
Loss: 0.002047343645244837
********************************************************
********************************************************
steps: 828175
episodes: 390
mean 100 episode reward: 14.5
% time spent exploring: 2
Loss: 0.004062923602759838
********************************************************
********************************************************
steps: 851226
episodes: 400
mean 100 episode reward: 14.5
% time spent exploring: 2
Loss: 0.0022476832382380962
********************************************************
********************************************************
steps: 873576
episodes: 410
mean 100 episode reward: 14.7
% time spent exploring: 2
Loss: 0.0016406518407166004
********************************************************
********************************************************
steps: 895618
episodes: 420
mean 100 episode reward: 14.7
% time spent exploring: 2
Loss: 0.0022303375881165266
********************************************************
********************************************************
steps: 920417
episodes: 430
mean 100 episode reward: 14.8
% time spent exploring: 2
Loss: 0.005056493915617466
********************************************************
********************************************************
steps: 943339
episodes: 440
mean 100 episode reward: 14.7
% time spent exploring: 2
Loss: 0.002127202460542321
********************************************************
********************************************************
steps: 964745
episodes: 450
mean 100 episode reward: 14.8
% time spent exploring: 2
Loss: 0.0018824231810867786
********************************************************
********************************************************
steps: 986108
episodes: 460
mean 100 episode reward: 14.8
% time spent exploring: 2
Loss: 0.0014717874582856894
********************************************************
Models/pongnoframeskip-v4/pongnoframeskip3.pth
Models/pongnoframeskip-v4/pongnoframeskip1.pth
Models/pongnoframeskip-v4/pongnoframeskip4.pth
Models/pongnoframeskip-v4/pongnoframeskip2.pth
