4
********************************************************
steps: 8407
episodes: 10
mean 100 episode reward: -20.0
% time spent exploring: 91
Loss: [0.0]
********************************************************
********************************************************
steps: 17378
episodes: 20
mean 100 episode reward: -20.2
% time spent exploring: 82
Loss: 7.820659084245563e-05
********************************************************
********************************************************
steps: 26998
episodes: 30
mean 100 episode reward: -20.2
% time spent exploring: 73
Loss: 0.00016004469944164157
********************************************************
********************************************************
steps: 35700
episodes: 40
mean 100 episode reward: -20.2
% time spent exploring: 65
Loss: 2.08437122637406e-05
********************************************************
********************************************************
steps: 44382
episodes: 50
mean 100 episode reward: -20.3
% time spent exploring: 56
Loss: 0.0002390156005276367
********************************************************
********************************************************
steps: 53528
episodes: 60
mean 100 episode reward: -20.2
% time spent exploring: 47
Loss: 0.0003051451640203595
********************************************************
********************************************************
steps: 62329
episodes: 70
mean 100 episode reward: -20.3
% time spent exploring: 38
Loss: 0.0004942033556289971
********************************************************
********************************************************
steps: 70837
episodes: 80
mean 100 episode reward: -20.3
% time spent exploring: 30
Loss: 0.12076102197170258
********************************************************
********************************************************
steps: 79259
episodes: 90
mean 100 episode reward: -20.3
% time spent exploring: 22
Loss: 0.1217837855219841
********************************************************
********************************************************
steps: 87513
episodes: 100
mean 100 episode reward: -20.4
% time spent exploring: 14
Loss: 0.0006141419871710241
********************************************************
********************************************************
steps: 95822
episodes: 110
mean 100 episode reward: -20.4
% time spent exploring: 6
Loss: 0.00033487059408798814
********************************************************
********************************************************
steps: 103724
episodes: 120
mean 100 episode reward: -20.5
% time spent exploring: 2
Loss: 5.6991073506651446e-05
********************************************************
********************************************************
steps: 111544
episodes: 130
mean 100 episode reward: -20.6
% time spent exploring: 2
Loss: 0.000641492719296366
********************************************************
********************************************************
steps: 119461
episodes: 140
mean 100 episode reward: -20.6
% time spent exploring: 2
Loss: 7.68511563364882e-06
********************************************************
********************************************************
steps: 127269
episodes: 150
mean 100 episode reward: -20.7
% time spent exploring: 2
Loss: 0.0006353794015012681
********************************************************
********************************************************
steps: 135265
episodes: 160
mean 100 episode reward: -20.8
% time spent exploring: 2
Loss: 0.0001896120811579749
********************************************************
********************************************************
steps: 143269
episodes: 170
mean 100 episode reward: -20.8
% time spent exploring: 2
Loss: 0.00014891003957018256
********************************************************
********************************************************
steps: 151354
episodes: 180
mean 100 episode reward: -20.8
% time spent exploring: 2
Loss: 0.11168129742145538
********************************************************
********************************************************
steps: 159117
episodes: 190
mean 100 episode reward: -20.9
% time spent exploring: 2
Loss: 0.00023289778619073331
********************************************************
********************************************************
steps: 167143
episodes: 200
mean 100 episode reward: -20.9
% time spent exploring: 2
Loss: 0.00021365596330724657
********************************************************
********************************************************
steps: 174913
episodes: 210
mean 100 episode reward: -20.9
% time spent exploring: 2
Loss: 4.097310375072993e-05
********************************************************
********************************************************
steps: 182906
episodes: 220
mean 100 episode reward: -20.9
% time spent exploring: 2
Loss: 6.769347965018824e-05
********************************************************
********************************************************
steps: 190694
episodes: 230
mean 100 episode reward: -20.9
% time spent exploring: 2
Loss: 0.0002630154776852578
********************************************************
********************************************************
steps: 198722
episodes: 240
mean 100 episode reward: -20.9
% time spent exploring: 2
Loss: 9.317804506281391e-05
********************************************************
********************************************************
steps: 207063
episodes: 250
mean 100 episode reward: -20.9
% time spent exploring: 2
Loss: 1.4030402780917939e-05
********************************************************
********************************************************
steps: 214878
episodes: 260
mean 100 episode reward: -20.9
% time spent exploring: 2
Loss: 0.0006552704144269228
********************************************************
********************************************************
steps: 222855
episodes: 270
mean 100 episode reward: -20.9
% time spent exploring: 2
Loss: 0.12613794207572937
********************************************************
********************************************************
steps: 230793
episodes: 280
mean 100 episode reward: -20.9
% time spent exploring: 2
Loss: 7.405003270832822e-05
********************************************************
********************************************************
steps: 238668
episodes: 290
mean 100 episode reward: -20.9
% time spent exploring: 2
Loss: 0.0005074035143479705
********************************************************
********************************************************
steps: 246732
episodes: 300
mean 100 episode reward: -20.9
% time spent exploring: 2
Loss: 0.00024959800066426396
********************************************************
********************************************************
steps: 254646
episodes: 310
mean 100 episode reward: -20.9
% time spent exploring: 2
Loss: 0.0007814120035618544
********************************************************
********************************************************
steps: 262733
episodes: 320
mean 100 episode reward: -20.9
% time spent exploring: 2
Loss: 0.0002572387456893921
********************************************************
********************************************************
steps: 270454
episodes: 330
mean 100 episode reward: -20.9
% time spent exploring: 2
Loss: 0.0009608068503439426
********************************************************
********************************************************
steps: 278740
episodes: 340
mean 100 episode reward: -20.9
% time spent exploring: 2
Loss: 0.00022113605518825352
********************************************************
********************************************************
steps: 286668
episodes: 350
mean 100 episode reward: -20.9
% time spent exploring: 2
Loss: 0.0016858994495123625
********************************************************
********************************************************
steps: 294600
episodes: 360
mean 100 episode reward: -20.9
% time spent exploring: 2
Loss: 0.00037742467247880995
********************************************************
********************************************************
steps: 302589
episodes: 370
mean 100 episode reward: -20.9
% time spent exploring: 2
Loss: 6.714192568324506e-05
********************************************************
********************************************************
steps: 310547
episodes: 380
mean 100 episode reward: -20.9
% time spent exploring: 2
Loss: 0.001205151085741818
********************************************************
********************************************************
steps: 318615
episodes: 390
mean 100 episode reward: -20.9
% time spent exploring: 2
Loss: 0.00019672675989568233
********************************************************
********************************************************
steps: 327069
episodes: 400
mean 100 episode reward: -20.9
% time spent exploring: 2
Loss: 0.00032536961953155696
********************************************************
********************************************************
steps: 335016
episodes: 410
mean 100 episode reward: -20.9
% time spent exploring: 2
Loss: 0.00011969528713962063
********************************************************
********************************************************
steps: 342866
episodes: 420
mean 100 episode reward: -20.9
% time spent exploring: 2
Loss: 0.0005666202050633729
********************************************************
********************************************************
steps: 350812
episodes: 430
mean 100 episode reward: -20.9
% time spent exploring: 2
Loss: 0.0008715641451999545
********************************************************
********************************************************
steps: 358632
episodes: 440
mean 100 episode reward: -20.9
% time spent exploring: 2
Loss: 0.00014981601270847023
********************************************************
********************************************************
steps: 366552
episodes: 450
mean 100 episode reward: -20.9
% time spent exploring: 2
Loss: 0.0005593683454208076
********************************************************
********************************************************
steps: 374673
episodes: 460
mean 100 episode reward: -20.9
% time spent exploring: 2
Loss: 0.000475439679576084
********************************************************
********************************************************
steps: 382734
episodes: 470
mean 100 episode reward: -20.9
% time spent exploring: 2
Loss: 0.0010712167713791132
********************************************************
********************************************************
steps: 390695
episodes: 480
mean 100 episode reward: -20.9
% time spent exploring: 2
Loss: 0.00011677277507260442
********************************************************
********************************************************
steps: 398711
episodes: 490
mean 100 episode reward: -20.9
% time spent exploring: 2
Loss: 0.12467671930789948
********************************************************
********************************************************
steps: 406654
episodes: 500
mean 100 episode reward: -20.9
% time spent exploring: 2
Loss: 0.0022207587026059628
********************************************************
********************************************************
steps: 414964
episodes: 510
mean 100 episode reward: -20.9
% time spent exploring: 2
Loss: 0.0002542126749176532
********************************************************
********************************************************
steps: 422987
episodes: 520
mean 100 episode reward: -20.9
% time spent exploring: 2
Loss: 0.000908202026039362
********************************************************
********************************************************
steps: 431105
episodes: 530
mean 100 episode reward: -20.9
% time spent exploring: 2
Loss: 0.11538376659154892
********************************************************
********************************************************
steps: 439033
episodes: 540
mean 100 episode reward: -20.9
% time spent exploring: 2
Loss: 0.0008475985378026962
********************************************************
********************************************************
steps: 447018
episodes: 550
mean 100 episode reward: -20.8
% time spent exploring: 2
Loss: 0.0008724782383069396
********************************************************
********************************************************
steps: 455334
episodes: 560
mean 100 episode reward: -20.8
% time spent exploring: 2
Loss: 0.0005547486944124103
********************************************************
********************************************************
steps: 463246
episodes: 570
mean 100 episode reward: -20.8
% time spent exploring: 2
Loss: 0.0008008538861759007
********************************************************
********************************************************
steps: 471214
episodes: 580
mean 100 episode reward: -20.8
% time spent exploring: 2
Loss: 0.0008024170529097319
********************************************************
********************************************************
steps: 479101
episodes: 590
mean 100 episode reward: -20.8
% time spent exploring: 2
Loss: 0.009113768115639687
********************************************************
********************************************************
steps: 486977
episodes: 600
mean 100 episode reward: -20.8
% time spent exploring: 2
Loss: 6.87041028868407e-05
********************************************************
********************************************************
steps: 494964
episodes: 610
mean 100 episode reward: -20.9
% time spent exploring: 2
Loss: 0.00032308034133166075
********************************************************
********************************************************
steps: 502924
episodes: 620
mean 100 episode reward: -20.9
% time spent exploring: 2
Loss: 0.12572278082370758
********************************************************
********************************************************
steps: 510741
episodes: 630
mean 100 episode reward: -20.9
% time spent exploring: 2
Loss: 0.00039785949047654867
********************************************************
********************************************************
steps: 518419
episodes: 640
mean 100 episode reward: -20.9
% time spent exploring: 2
Loss: 0.0004027722170576453
********************************************************
********************************************************
steps: 526483
episodes: 650
mean 100 episode reward: -20.9
% time spent exploring: 2
Loss: 0.0004374764976091683
********************************************************
********************************************************
steps: 534530
episodes: 660
mean 100 episode reward: -20.9
% time spent exploring: 2
Loss: 0.00019325243192724884
********************************************************
********************************************************
steps: 542743
episodes: 670
mean 100 episode reward: -20.9
% time spent exploring: 2
Loss: 0.00018476793775334954
********************************************************
********************************************************
steps: 550840
episodes: 680
mean 100 episode reward: -20.9
% time spent exploring: 2
Loss: 1.6767689885455184e-05
********************************************************
********************************************************
steps: 558776
episodes: 690
mean 100 episode reward: -20.9
% time spent exploring: 2
Loss: 0.1166050061583519
********************************************************
********************************************************
steps: 566791
episodes: 700
mean 100 episode reward: -20.9
% time spent exploring: 2
Loss: 0.0006115372525528073
********************************************************
********************************************************
steps: 574735
episodes: 710
mean 100 episode reward: -20.9
% time spent exploring: 2
Loss: 0.0007935329340398312
********************************************************
********************************************************
steps: 582884
episodes: 720
mean 100 episode reward: -20.9
% time spent exploring: 2
Loss: 0.00022294954396784306
********************************************************
********************************************************
steps: 590761
episodes: 730
mean 100 episode reward: -20.9
% time spent exploring: 2
Loss: 0.00036974140675738454
********************************************************
********************************************************
steps: 598672
episodes: 740
mean 100 episode reward: -20.9
% time spent exploring: 2
Loss: 0.0006775616784580052
********************************************************
********************************************************
steps: 606383
episodes: 750
mean 100 episode reward: -20.9
% time spent exploring: 2
Loss: 6.576688610948622e-05
********************************************************
********************************************************
steps: 614216
episodes: 760
mean 100 episode reward: -20.9
% time spent exploring: 2
Loss: 0.12394336611032486
********************************************************
********************************************************
steps: 622117
episodes: 770
mean 100 episode reward: -20.9
% time spent exploring: 2
Loss: 0.0007680628332309425
********************************************************
********************************************************
steps: 629988
episodes: 780
mean 100 episode reward: -20.9
% time spent exploring: 2
Loss: 0.1260572373867035
********************************************************
********************************************************
steps: 637741
episodes: 790
mean 100 episode reward: -20.9
% time spent exploring: 2
Loss: 0.00031383964233100414
********************************************************
********************************************************
steps: 645636
episodes: 800
mean 100 episode reward: -20.9
% time spent exploring: 2
Loss: 0.0005044713616371155
********************************************************
********************************************************
steps: 653412
episodes: 810
mean 100 episode reward: -20.9
% time spent exploring: 2
Loss: 0.0003909977385774255
********************************************************
********************************************************
steps: 661305
episodes: 820
mean 100 episode reward: -20.9
% time spent exploring: 2
Loss: 0.0003853410598821938
********************************************************
********************************************************
steps: 669282
episodes: 830
mean 100 episode reward: -20.9
% time spent exploring: 2
Loss: 8.183122554328293e-05
********************************************************
********************************************************
steps: 677398
episodes: 840
mean 100 episode reward: -20.9
% time spent exploring: 2
Loss: 0.0002489372272975743
********************************************************
********************************************************
steps: 685269
episodes: 850
mean 100 episode reward: -20.9
% time spent exploring: 2
Loss: 0.001149212010204792
********************************************************
********************************************************
steps: 693076
episodes: 860
mean 100 episode reward: -20.9
% time spent exploring: 2
Loss: 0.00016632219194434583
********************************************************
********************************************************
steps: 700993
episodes: 870
mean 100 episode reward: -20.9
% time spent exploring: 2
Loss: 0.0005362723022699356
********************************************************
********************************************************
steps: 709013
episodes: 880
mean 100 episode reward: -20.9
% time spent exploring: 2
Loss: 0.0004398135934025049
********************************************************
********************************************************
steps: 716786
episodes: 890
mean 100 episode reward: -20.9
% time spent exploring: 2
Loss: 0.0002792979357764125
********************************************************
********************************************************
steps: 724640
episodes: 900
mean 100 episode reward: -20.9
% time spent exploring: 2
Loss: 0.0006563448696397245
********************************************************
********************************************************
steps: 732549
episodes: 910
mean 100 episode reward: -20.9
% time spent exploring: 2
Loss: 0.0005632324609905481
********************************************************
********************************************************
steps: 740246
episodes: 920
mean 100 episode reward: -20.9
% time spent exploring: 2
Loss: 3.986718638770981e-06
********************************************************
********************************************************
steps: 748161
episodes: 930
mean 100 episode reward: -20.9
% time spent exploring: 2
Loss: 0.0001858398027252406
********************************************************
********************************************************
steps: 755996
episodes: 940
mean 100 episode reward: -20.9
% time spent exploring: 2
Loss: 0.0010577607899904251
********************************************************
********************************************************
steps: 763849
episodes: 950
mean 100 episode reward: -20.9
% time spent exploring: 2
Loss: 0.00017891165043693036
********************************************************
********************************************************
steps: 771713
episodes: 960
mean 100 episode reward: -20.9
% time spent exploring: 2
Loss: 0.00014433258911594748
********************************************************
********************************************************
steps: 779645
episodes: 970
mean 100 episode reward: -20.9
% time spent exploring: 2
Loss: 0.12239347398281097
********************************************************
********************************************************
steps: 787852
episodes: 980
mean 100 episode reward: -21.0
% time spent exploring: 2
Loss: 0.00036332369199953973
********************************************************
********************************************************
steps: 795759
episodes: 990
mean 100 episode reward: -21.0
% time spent exploring: 2
Loss: 2.9252474632812664e-05
********************************************************
********************************************************
steps: 803492
episodes: 1000
mean 100 episode reward: -21.0
% time spent exploring: 2
Loss: 0.00015903229359537363
********************************************************
********************************************************
steps: 811406
episodes: 1010
mean 100 episode reward: -20.9
% time spent exploring: 2
Loss: 4.737298149848357e-05
********************************************************
********************************************************
steps: 819553
episodes: 1020
mean 100 episode reward: -20.9
% time spent exploring: 2
Loss: 0.0003376345557626337
********************************************************
********************************************************
steps: 827632
episodes: 1030
mean 100 episode reward: -20.9
% time spent exploring: 2
Loss: 0.11270183324813843
********************************************************
********************************************************
steps: 835569
episodes: 1040
mean 100 episode reward: -20.9
% time spent exploring: 2
Loss: 0.002299657789990306
********************************************************
********************************************************
steps: 843419
episodes: 1050
mean 100 episode reward: -20.9
% time spent exploring: 2
Loss: 0.0004938083002343774
********************************************************
********************************************************
steps: 851382
episodes: 1060
mean 100 episode reward: -20.9
% time spent exploring: 2
Loss: 0.00020799851336050779
********************************************************
********************************************************
steps: 859302
episodes: 1070
mean 100 episode reward: -20.9
% time spent exploring: 2
Loss: 0.0002827210118994117
********************************************************
********************************************************
steps: 867311
episodes: 1080
mean 100 episode reward: -20.9
% time spent exploring: 2
Loss: 0.000584665744099766
********************************************************
********************************************************
steps: 875295
episodes: 1090
mean 100 episode reward: -20.9
% time spent exploring: 2
Loss: 0.0003606280661188066
********************************************************
********************************************************
steps: 883283
episodes: 1100
mean 100 episode reward: -20.9
% time spent exploring: 2
Loss: 0.0008010208839550614
********************************************************
********************************************************
steps: 891141
episodes: 1110
mean 100 episode reward: -20.9
% time spent exploring: 2
Loss: 0.0004083438834641129
********************************************************
********************************************************
steps: 899028
episodes: 1120
mean 100 episode reward: -21.0
% time spent exploring: 2
Loss: 0.0005126105388626456
********************************************************
********************************************************
steps: 906997
episodes: 1130
mean 100 episode reward: -21.0
% time spent exploring: 2
Loss: 8.764360245550051e-05
********************************************************
********************************************************
steps: 914916
episodes: 1140
mean 100 episode reward: -21.0
% time spent exploring: 2
Loss: 0.0010586988646537066
********************************************************
********************************************************
steps: 922764
episodes: 1150
mean 100 episode reward: -21.0
% time spent exploring: 2
Loss: 0.0010129259899258614
********************************************************
********************************************************
steps: 930677
episodes: 1160
mean 100 episode reward: -21.0
% time spent exploring: 2
Loss: 0.00023170265194494277
********************************************************
********************************************************
steps: 938568
episodes: 1170
mean 100 episode reward: -21.0
% time spent exploring: 2
Loss: 0.0007107487181201577
********************************************************
********************************************************
steps: 946672
episodes: 1180
mean 100 episode reward: -21.0
% time spent exploring: 2
Loss: 0.11643566191196442
********************************************************
********************************************************
steps: 954477
episodes: 1190
mean 100 episode reward: -21.0
% time spent exploring: 2
Loss: 0.00031762386788614094
********************************************************
********************************************************
steps: 962627
episodes: 1200
mean 100 episode reward: -21.0
% time spent exploring: 2
Loss: 0.0003746274160221219
********************************************************
********************************************************
steps: 970537
episodes: 1210
mean 100 episode reward: -21.0
% time spent exploring: 2
Loss: 0.0012796474620699883
********************************************************
********************************************************
steps: 978346
episodes: 1220
mean 100 episode reward: -21.0
% time spent exploring: 2
Loss: 9.197645704261959e-05
********************************************************
********************************************************
steps: 986425
episodes: 1230
mean 100 episode reward: -21.0
% time spent exploring: 2
Loss: 0.000544406590051949
********************************************************
********************************************************
steps: 994346
episodes: 1240
mean 100 episode reward: -21.0
% time spent exploring: 2
Loss: 0.00012582240742631257
********************************************************
