8
********************************************************
steps: 8091
episodes: 10
mean 100 episode reward: -20.8
% time spent exploring: 92
Loss: [0.0]
********************************************************
********************************************************
steps: 17313
episodes: 20
mean 100 episode reward: -20.5
% time spent exploring: 83
Loss: 0.00015587016241624951
********************************************************
********************************************************
steps: 26488
episodes: 30
mean 100 episode reward: -20.4
% time spent exploring: 74
Loss: 0.00011437736247899011
********************************************************
********************************************************
steps: 35334
episodes: 40
mean 100 episode reward: -20.5
% time spent exploring: 65
Loss: 6.668763671768829e-05
********************************************************
********************************************************
steps: 44672
episodes: 50
mean 100 episode reward: -20.4
% time spent exploring: 56
Loss: 0.00017271135584451258
********************************************************
********************************************************
steps: 53155
episodes: 60
mean 100 episode reward: -20.4
% time spent exploring: 47
Loss: 0.0004696121031884104
********************************************************
********************************************************
steps: 61992
episodes: 70
mean 100 episode reward: -20.5
% time spent exploring: 39
Loss: 0.06175832077860832
********************************************************
********************************************************
steps: 70672
episodes: 80
mean 100 episode reward: -20.5
% time spent exploring: 30
Loss: 0.05857172608375549
********************************************************
********************************************************
steps: 79423
episodes: 90
mean 100 episode reward: -20.4
% time spent exploring: 22
Loss: 0.0008967694593593478
********************************************************
********************************************************
steps: 87668
episodes: 100
mean 100 episode reward: -20.5
% time spent exploring: 14
Loss: 6.196041067596525e-05
********************************************************
********************************************************
steps: 95697
episodes: 110
mean 100 episode reward: -20.5
% time spent exploring: 6
Loss: 0.00034018559381365776
********************************************************
********************************************************
steps: 103687
episodes: 120
mean 100 episode reward: -20.6
% time spent exploring: 2
Loss: 5.081053313915618e-05
********************************************************
********************************************************
steps: 111442
episodes: 130
mean 100 episode reward: -20.6
% time spent exploring: 2
Loss: 5.726159724872559e-05
********************************************************
********************************************************
steps: 119358
episodes: 140
mean 100 episode reward: -20.7
% time spent exploring: 2
Loss: 0.0006576852756552398
********************************************************
********************************************************
steps: 127192
episodes: 150
mean 100 episode reward: -20.8
% time spent exploring: 2
Loss: 0.00022524890664499253
********************************************************
********************************************************
steps: 134923
episodes: 160
mean 100 episode reward: -20.8
% time spent exploring: 2
Loss: 0.0002488009922672063
********************************************************
********************************************************
steps: 143111
episodes: 170
mean 100 episode reward: -20.8
% time spent exploring: 2
Loss: 0.0007049975683912635
********************************************************
********************************************************
steps: 151115
episodes: 180
mean 100 episode reward: -20.9
% time spent exploring: 2
Loss: 0.000739574315957725
********************************************************
********************************************************
steps: 159123
episodes: 190
mean 100 episode reward: -20.9
% time spent exploring: 2
Loss: 0.0006943802582100034
********************************************************
********************************************************
steps: 166932
episodes: 200
mean 100 episode reward: -20.9
% time spent exploring: 2
Loss: 0.00014826480764895678
********************************************************
********************************************************
steps: 174941
episodes: 210
mean 100 episode reward: -20.9
% time spent exploring: 2
Loss: 0.000570288160815835
********************************************************
********************************************************
steps: 182787
episodes: 220
mean 100 episode reward: -20.9
% time spent exploring: 2
Loss: 0.0006251916056498885
********************************************************
********************************************************
steps: 190671
episodes: 230
mean 100 episode reward: -20.9
% time spent exploring: 2
Loss: 0.0011322430800646544
********************************************************
********************************************************
steps: 198791
episodes: 240
mean 100 episode reward: -20.8
% time spent exploring: 2
Loss: 0.000959541997872293
********************************************************
********************************************************
steps: 206949
episodes: 250
mean 100 episode reward: -20.8
% time spent exploring: 2
Loss: 0.00027083256281912327
********************************************************
********************************************************
steps: 214953
episodes: 260
mean 100 episode reward: -20.8
% time spent exploring: 2
Loss: 0.00040007702773436904
********************************************************
********************************************************
steps: 222852
episodes: 270
mean 100 episode reward: -20.8
% time spent exploring: 2
Loss: 0.0002241025649709627
********************************************************
********************************************************
steps: 230945
episodes: 280
mean 100 episode reward: -20.8
% time spent exploring: 2
Loss: 0.00022625566634815186
********************************************************
********************************************************
steps: 239117
episodes: 290
mean 100 episode reward: -20.8
% time spent exploring: 2
Loss: 0.0005216495483182371
********************************************************
********************************************************
steps: 247078
episodes: 300
mean 100 episode reward: -20.8
% time spent exploring: 2
Loss: 0.00031399790896102786
********************************************************
********************************************************
steps: 255206
episodes: 310
mean 100 episode reward: -20.8
% time spent exploring: 2
Loss: 0.00016203743871301413
********************************************************
********************************************************
steps: 263514
episodes: 320
mean 100 episode reward: -20.8
% time spent exploring: 2
Loss: 0.0004958632634952664
********************************************************
********************************************************
steps: 271509
episodes: 330
mean 100 episode reward: -20.8
% time spent exploring: 2
Loss: 0.0004835849395021796
********************************************************
********************************************************
steps: 279554
episodes: 340
mean 100 episode reward: -20.9
% time spent exploring: 2
Loss: 0.00012807405437342823
********************************************************
********************************************************
steps: 287753
episodes: 350
mean 100 episode reward: -20.9
% time spent exploring: 2
Loss: 0.000816280604340136
********************************************************
********************************************************
steps: 296022
episodes: 360
mean 100 episode reward: -20.8
% time spent exploring: 2
Loss: 0.0007081073126755655
********************************************************
********************************************************
steps: 304351
episodes: 370
mean 100 episode reward: -20.8
% time spent exploring: 2
Loss: 0.060561105608940125
********************************************************
********************************************************
steps: 312330
episodes: 380
mean 100 episode reward: -20.8
% time spent exploring: 2
Loss: 0.00016572470485698432
********************************************************
********************************************************
steps: 320441
episodes: 390
mean 100 episode reward: -20.8
% time spent exploring: 2
Loss: 0.0004918352351523936
********************************************************
********************************************************
steps: 328273
episodes: 400
mean 100 episode reward: -20.8
% time spent exploring: 2
Loss: 0.0608162023127079
********************************************************
********************************************************
steps: 336227
episodes: 410
mean 100 episode reward: -20.8
% time spent exploring: 2
Loss: 0.0002304315275978297
********************************************************
********************************************************
steps: 344150
episodes: 420
mean 100 episode reward: -20.8
% time spent exploring: 2
Loss: 0.0012676517944782972
********************************************************
********************************************************
steps: 352194
episodes: 430
mean 100 episode reward: -20.8
% time spent exploring: 2
Loss: 0.00010043810470961034
********************************************************
********************************************************
steps: 360247
episodes: 440
mean 100 episode reward: -20.8
% time spent exploring: 2
Loss: 0.0005754988524131477
********************************************************
********************************************************
steps: 368221
episodes: 450
mean 100 episode reward: -20.8
% time spent exploring: 2
Loss: 9.539806342218071e-05
********************************************************
********************************************************
steps: 376398
episodes: 460
mean 100 episode reward: -20.8
% time spent exploring: 2
Loss: 7.585709681734443e-05
********************************************************
********************************************************
steps: 384180
episodes: 470
mean 100 episode reward: -20.8
% time spent exploring: 2
Loss: 0.061118584126234055
********************************************************
********************************************************
steps: 392265
episodes: 480
mean 100 episode reward: -20.8
% time spent exploring: 2
Loss: 9.079917799681425e-05
********************************************************
********************************************************
steps: 400304
episodes: 490
mean 100 episode reward: -20.8
% time spent exploring: 2
Loss: 0.0005227668443694711
********************************************************
********************************************************
steps: 408402
episodes: 500
mean 100 episode reward: -20.8
% time spent exploring: 2
Loss: 0.00019049989350605756
********************************************************
********************************************************
steps: 416228
episodes: 510
mean 100 episode reward: -20.8
% time spent exploring: 2
Loss: 6.819225382059813e-05
********************************************************
********************************************************
steps: 424182
episodes: 520
mean 100 episode reward: -20.8
% time spent exploring: 2
Loss: 0.0012134601129218936
********************************************************
********************************************************
steps: 432114
episodes: 530
mean 100 episode reward: -20.8
% time spent exploring: 2
Loss: 0.0002467242011334747
********************************************************
********************************************************
steps: 440235
episodes: 540
mean 100 episode reward: -20.8
% time spent exploring: 2
Loss: 0.00045767767005600035
********************************************************
********************************************************
steps: 448057
episodes: 550
mean 100 episode reward: -20.8
% time spent exploring: 2
Loss: 8.972310752142221e-05
********************************************************
********************************************************
steps: 456231
episodes: 560
mean 100 episode reward: -20.9
% time spent exploring: 2
Loss: 0.00024458597181364894
********************************************************
********************************************************
steps: 464380
episodes: 570
mean 100 episode reward: -20.9
% time spent exploring: 2
Loss: 0.000420589029090479
********************************************************
********************************************************
steps: 472231
episodes: 580
mean 100 episode reward: -20.9
% time spent exploring: 2
Loss: 7.015759911155328e-05
********************************************************
********************************************************
steps: 480381
episodes: 590
mean 100 episode reward: -20.9
% time spent exploring: 2
Loss: 0.001352070365101099
********************************************************
********************************************************
steps: 488548
episodes: 600
mean 100 episode reward: -20.8
% time spent exploring: 2
Loss: 0.003021892160177231
********************************************************
********************************************************
steps: 496635
episodes: 610
mean 100 episode reward: -20.8
% time spent exploring: 2
Loss: 6.42341110506095e-05
********************************************************
********************************************************
steps: 504619
episodes: 620
mean 100 episode reward: -20.8
% time spent exploring: 2
Loss: 0.060698024928569794
********************************************************
********************************************************
steps: 512679
episodes: 630
mean 100 episode reward: -20.8
% time spent exploring: 2
Loss: 0.0008769314736127853
********************************************************
********************************************************
steps: 520687
episodes: 640
mean 100 episode reward: -20.9
% time spent exploring: 2
Loss: 7.474716403521597e-05
********************************************************
********************************************************
steps: 528601
episodes: 650
mean 100 episode reward: -20.9
% time spent exploring: 2
Loss: 0.0010256731184199452
********************************************************
********************************************************
steps: 536739
episodes: 660
mean 100 episode reward: -20.9
% time spent exploring: 2
Loss: 0.0002605554764159024
********************************************************
********************************************************
steps: 544577
episodes: 670
mean 100 episode reward: -20.9
% time spent exploring: 2
Loss: 0.00013379324809648097
********************************************************
********************************************************
steps: 552757
episodes: 680
mean 100 episode reward: -20.9
% time spent exploring: 2
Loss: 0.057933513075113297
********************************************************
********************************************************
steps: 560642
episodes: 690
mean 100 episode reward: -20.9
% time spent exploring: 2
Loss: 0.00025223568081855774
********************************************************
********************************************************
steps: 568684
episodes: 700
mean 100 episode reward: -20.9
% time spent exploring: 2
Loss: 0.0003313874767627567
********************************************************
********************************************************
steps: 576752
episodes: 710
mean 100 episode reward: -20.9
% time spent exploring: 2
Loss: 0.17900018393993378
********************************************************
********************************************************
steps: 584764
episodes: 720
mean 100 episode reward: -20.9
% time spent exploring: 2
Loss: 0.0010490277782082558
********************************************************
********************************************************
steps: 592532
episodes: 730
mean 100 episode reward: -20.9
% time spent exploring: 2
Loss: 0.0003131587873212993
********************************************************
********************************************************
steps: 600396
episodes: 740
mean 100 episode reward: -20.9
% time spent exploring: 2
Loss: 0.0006832936778664589
********************************************************
********************************************************
steps: 608279
episodes: 750
mean 100 episode reward: -20.9
% time spent exploring: 2
Loss: 0.12005625665187836
********************************************************
********************************************************
steps: 616226
episodes: 760
mean 100 episode reward: -20.9
% time spent exploring: 2
Loss: 0.059964921325445175
********************************************************
********************************************************
steps: 624141
episodes: 770
mean 100 episode reward: -20.9
% time spent exploring: 2
Loss: 0.0004715901450254023
********************************************************
********************************************************
steps: 632383
episodes: 780
mean 100 episode reward: -20.9
% time spent exploring: 2
Loss: 0.0005444632843136787
********************************************************
********************************************************
steps: 640255
episodes: 790
mean 100 episode reward: -20.9
% time spent exploring: 2
Loss: 0.05644433945417404
********************************************************
********************************************************
steps: 648173
episodes: 800
mean 100 episode reward: -20.9
% time spent exploring: 2
Loss: 6.103607302065939e-05
********************************************************
********************************************************
steps: 656063
episodes: 810
mean 100 episode reward: -20.9
% time spent exploring: 2
Loss: 0.0004405914805829525
********************************************************
********************************************************
steps: 664193
episodes: 820
mean 100 episode reward: -20.9
% time spent exploring: 2
Loss: 0.0015943519538268447
********************************************************
********************************************************
steps: 672547
episodes: 830
mean 100 episode reward: -20.9
% time spent exploring: 2
Loss: 0.05797478184103966
********************************************************
********************************************************
steps: 680556
episodes: 840
mean 100 episode reward: -20.9
% time spent exploring: 2
Loss: 0.0590975396335125
********************************************************
********************************************************
steps: 688548
episodes: 850
mean 100 episode reward: -20.9
% time spent exploring: 2
Loss: 0.00015434311353601515
********************************************************
********************************************************
steps: 696593
episodes: 860
mean 100 episode reward: -20.9
% time spent exploring: 2
Loss: 0.00021127746731508523
********************************************************
********************************************************
steps: 704827
episodes: 870
mean 100 episode reward: -20.9
% time spent exploring: 2
Loss: 0.0010607519652694464
********************************************************
********************************************************
steps: 712844
episodes: 880
mean 100 episode reward: -20.9
% time spent exploring: 2
Loss: 0.06064172834157944
********************************************************
********************************************************
steps: 720904
episodes: 890
mean 100 episode reward: -20.9
% time spent exploring: 2
Loss: 0.0003399802662897855
********************************************************
********************************************************
steps: 728913
episodes: 900
mean 100 episode reward: -20.9
% time spent exploring: 2
Loss: 0.0008275534491986036
********************************************************
********************************************************
steps: 737228
episodes: 910
mean 100 episode reward: -20.9
% time spent exploring: 2
Loss: 0.0002545667812228203
********************************************************
********************************************************
steps: 744979
episodes: 920
mean 100 episode reward: -20.9
% time spent exploring: 2
Loss: 0.05899513140320778
********************************************************
********************************************************
steps: 752621
episodes: 930
mean 100 episode reward: -20.9
% time spent exploring: 2
Loss: 0.0005403896793723106
********************************************************
********************************************************
steps: 760639
episodes: 940
mean 100 episode reward: -20.9
% time spent exploring: 2
Loss: 2.450869942549616e-05
********************************************************
********************************************************
steps: 768616
episodes: 950
mean 100 episode reward: -20.9
% time spent exploring: 2
Loss: 0.06080789119005203
********************************************************
********************************************************
steps: 776483
episodes: 960
mean 100 episode reward: -20.9
% time spent exploring: 2
Loss: 0.00035011876025237143
********************************************************
********************************************************
steps: 784447
episodes: 970
mean 100 episode reward: -20.9
% time spent exploring: 2
Loss: 0.06872047483921051
********************************************************
********************************************************
steps: 792243
episodes: 980
mean 100 episode reward: -20.9
% time spent exploring: 2
Loss: 0.00036749517312273383
********************************************************
********************************************************
steps: 800124
episodes: 990
mean 100 episode reward: -20.9
% time spent exploring: 2
Loss: 0.00018212782742921263
********************************************************
********************************************************
steps: 808036
episodes: 1000
mean 100 episode reward: -21.0
% time spent exploring: 2
Loss: 3.6535893741529435e-05
********************************************************
********************************************************
steps: 815956
episodes: 1010
mean 100 episode reward: -20.9
% time spent exploring: 2
Loss: 8.287119271699339e-05
********************************************************
********************************************************
steps: 824087
episodes: 1020
mean 100 episode reward: -20.9
% time spent exploring: 2
Loss: 0.0009073737310245633
********************************************************
********************************************************
steps: 832087
episodes: 1030
mean 100 episode reward: -20.9
% time spent exploring: 2
Loss: 0.0004336714919190854
********************************************************
********************************************************
steps: 840071
episodes: 1040
mean 100 episode reward: -20.9
% time spent exploring: 2
Loss: 0.0001556763018015772
********************************************************
********************************************************
steps: 847833
episodes: 1050
mean 100 episode reward: -20.9
% time spent exploring: 2
Loss: 0.0008008376462385058
********************************************************
********************************************************
steps: 856136
episodes: 1060
mean 100 episode reward: -20.9
% time spent exploring: 2
Loss: 0.00010206188744632527
********************************************************
********************************************************
steps: 863824
episodes: 1070
mean 100 episode reward: -20.9
% time spent exploring: 2
Loss: 0.00012864952441304922
********************************************************
********************************************************
steps: 871799
episodes: 1080
mean 100 episode reward: -20.9
% time spent exploring: 2
Loss: 0.0001740578154567629
********************************************************
********************************************************
steps: 879782
episodes: 1090
mean 100 episode reward: -20.9
% time spent exploring: 2
Loss: 0.0008391285082325339
********************************************************
********************************************************
steps: 887881
episodes: 1100
mean 100 episode reward: -20.9
% time spent exploring: 2
Loss: 0.00011312838614685461
********************************************************
********************************************************
steps: 895781
episodes: 1110
mean 100 episode reward: -20.9
% time spent exploring: 2
Loss: 0.0003745457506738603
********************************************************
********************************************************
steps: 903816
episodes: 1120
mean 100 episode reward: -20.9
% time spent exploring: 2
Loss: 0.0005978684639558196
********************************************************
********************************************************
steps: 911709
episodes: 1130
mean 100 episode reward: -20.9
% time spent exploring: 2
Loss: 0.00048168693319894373
********************************************************
********************************************************
steps: 919966
episodes: 1140
mean 100 episode reward: -20.9
% time spent exploring: 2
Loss: 0.0620214119553566
********************************************************
********************************************************
steps: 928023
episodes: 1150
mean 100 episode reward: -20.9
% time spent exploring: 2
Loss: 0.06301013380289078
********************************************************
********************************************************
steps: 935931
episodes: 1160
mean 100 episode reward: -20.9
% time spent exploring: 2
Loss: 0.000649957568384707
********************************************************
********************************************************
steps: 944019
episodes: 1170
mean 100 episode reward: -20.8
% time spent exploring: 2
Loss: 0.00038454419700428843
********************************************************
********************************************************
steps: 951828
episodes: 1180
mean 100 episode reward: -20.8
% time spent exploring: 2
Loss: 0.00031098874751478434
********************************************************
********************************************************
steps: 959776
episodes: 1190
mean 100 episode reward: -20.8
% time spent exploring: 2
Loss: 0.0012955039273947477
********************************************************
********************************************************
steps: 967693
episodes: 1200
mean 100 episode reward: -20.9
% time spent exploring: 2
Loss: 0.001233536284416914
********************************************************
********************************************************
steps: 975484
episodes: 1210
mean 100 episode reward: -20.9
% time spent exploring: 2
Loss: 0.0002422438410576433
********************************************************
********************************************************
steps: 983530
episodes: 1220
mean 100 episode reward: -20.9
% time spent exploring: 2
Loss: 0.06053486093878746
********************************************************
********************************************************
steps: 991232
episodes: 1230
mean 100 episode reward: -20.9
% time spent exploring: 2
Loss: 0.0002871312026400119
********************************************************
********************************************************
steps: 999170
episodes: 1240
mean 100 episode reward: -20.9
% time spent exploring: 2
Loss: 0.0591806098818779
********************************************************
Models/pongnoframeskip-v4/pongnoframeskip1.pth
