0.01
********************************************************
steps: 8077
episodes: 10
mean 100 episode reward: -20.2
% time spent exploring: 92
Loss: [0.0]
********************************************************
********************************************************
steps: 17441
episodes: 20
mean 100 episode reward: -20.2
% time spent exploring: 82
Loss: 0.01607576385140419
********************************************************
********************************************************
steps: 26726
episodes: 30
mean 100 episode reward: -20.2
% time spent exploring: 73
Loss: 0.015583924949169159
********************************************************
********************************************************
steps: 36631
episodes: 40
mean 100 episode reward: -20.2
% time spent exploring: 64
Loss: 0.015094954520463943
********************************************************
********************************************************
steps: 46098
episodes: 50
mean 100 episode reward: -20.2
% time spent exploring: 54
Loss: 0.015796098858118057
********************************************************
********************************************************
steps: 55093
episodes: 60
mean 100 episode reward: -20.2
% time spent exploring: 46
Loss: 0.0014267535880208015
********************************************************
********************************************************
steps: 63928
episodes: 70
mean 100 episode reward: -20.3
% time spent exploring: 37
Loss: 0.00018207590619567782
********************************************************
********************************************************
steps: 73149
episodes: 80
mean 100 episode reward: -20.3
% time spent exploring: 28
Loss: 0.0007546156411990523
********************************************************
********************************************************
steps: 81817
episodes: 90
mean 100 episode reward: -20.3
% time spent exploring: 19
Loss: 0.00040688973967917264
********************************************************
********************************************************
steps: 90582
episodes: 100
mean 100 episode reward: -20.3
% time spent exploring: 11
Loss: 0.0002742453361861408
********************************************************
********************************************************
steps: 99253
episodes: 110
mean 100 episode reward: -20.3
% time spent exploring: 2
Loss: 0.030710142105817795
********************************************************
********************************************************
steps: 107957
episodes: 120
mean 100 episode reward: -20.4
% time spent exploring: 2
Loss: 0.015650741755962372
********************************************************
********************************************************
steps: 116027
episodes: 130
mean 100 episode reward: -20.4
% time spent exploring: 2
Loss: 0.015385160222649574
********************************************************
********************************************************
steps: 124468
episodes: 140
mean 100 episode reward: -20.5
% time spent exploring: 2
Loss: 0.030832093209028244
********************************************************
********************************************************
steps: 132512
episodes: 150
mean 100 episode reward: -20.6
% time spent exploring: 2
Loss: 0.0006215032190084457
********************************************************
********************************************************
steps: 140893
episodes: 160
mean 100 episode reward: -20.6
% time spent exploring: 2
Loss: 0.01585327461361885
********************************************************
********************************************************
steps: 149612
episodes: 170
mean 100 episode reward: -20.6
% time spent exploring: 2
Loss: 0.03136889636516571
********************************************************
********************************************************
steps: 158300
episodes: 180
mean 100 episode reward: -20.6
% time spent exploring: 2
Loss: 0.027894172817468643
********************************************************
********************************************************
steps: 166406
episodes: 190
mean 100 episode reward: -20.7
% time spent exploring: 2
Loss: 0.01527013722807169
********************************************************
********************************************************
steps: 174788
episodes: 200
mean 100 episode reward: -20.7
% time spent exploring: 2
Loss: 0.04412874951958656
********************************************************
********************************************************
steps: 183299
episodes: 210
mean 100 episode reward: -20.7
% time spent exploring: 2
Loss: 0.0008996500400826335
********************************************************
********************************************************
steps: 191658
episodes: 220
mean 100 episode reward: -20.7
% time spent exploring: 2
Loss: 0.01586291752755642
********************************************************
********************************************************
steps: 199711
episodes: 230
mean 100 episode reward: -20.7
% time spent exploring: 2
Loss: 0.0007145117269828916
********************************************************
********************************************************
steps: 207828
episodes: 240
mean 100 episode reward: -20.7
% time spent exploring: 2
Loss: 0.0007431086851283908
********************************************************
********************************************************
steps: 216315
episodes: 250
mean 100 episode reward: -20.7
% time spent exploring: 2
Loss: 0.04413096606731415
********************************************************
********************************************************
steps: 224753
episodes: 260
mean 100 episode reward: -20.7
% time spent exploring: 2
Loss: 0.028889527544379234
********************************************************
********************************************************
steps: 232800
episodes: 270
mean 100 episode reward: -20.7
% time spent exploring: 2
Loss: 0.0002124997554346919
********************************************************
********************************************************
steps: 241368
episodes: 280
mean 100 episode reward: -20.7
% time spent exploring: 2
Loss: 0.0005065815057605505
********************************************************
********************************************************
steps: 249677
episodes: 290
mean 100 episode reward: -20.7
% time spent exploring: 2
Loss: 0.000423017714638263
********************************************************
********************************************************
steps: 258089
episodes: 300
mean 100 episode reward: -20.7
% time spent exploring: 2
Loss: 0.014607962220907211
********************************************************
********************************************************
steps: 266660
episodes: 310
mean 100 episode reward: -20.7
% time spent exploring: 2
Loss: 0.015904918313026428
********************************************************
********************************************************
steps: 274846
episodes: 320
mean 100 episode reward: -20.7
% time spent exploring: 2
Loss: 0.015473219566047192
********************************************************
********************************************************
steps: 283454
episodes: 330
mean 100 episode reward: -20.7
% time spent exploring: 2
Loss: 0.03000147081911564
********************************************************
********************************************************
steps: 292462
episodes: 340
mean 100 episode reward: -20.7
% time spent exploring: 2
Loss: 0.016879720613360405
********************************************************
********************************************************
steps: 300642
episodes: 350
mean 100 episode reward: -20.7
% time spent exploring: 2
Loss: 0.015346169471740723
********************************************************
********************************************************
steps: 309334
episodes: 360
mean 100 episode reward: -20.7
% time spent exploring: 2
Loss: 0.029340317472815514
********************************************************
********************************************************
steps: 317523
episodes: 370
mean 100 episode reward: -20.7
% time spent exploring: 2
Loss: 0.024220813065767288
********************************************************
********************************************************
steps: 325958
episodes: 380
mean 100 episode reward: -20.6
% time spent exploring: 2
Loss: 0.0003606220707297325
********************************************************
********************************************************
steps: 334016
episodes: 390
mean 100 episode reward: -20.7
% time spent exploring: 2
Loss: 0.00027538673020899296
********************************************************
********************************************************
steps: 342279
episodes: 400
mean 100 episode reward: -20.7
% time spent exploring: 2
Loss: 0.000161202740855515
********************************************************
********************************************************
steps: 350474
episodes: 410
mean 100 episode reward: -20.7
% time spent exploring: 2
Loss: 0.00025106186512857676
********************************************************
********************************************************
steps: 359170
episodes: 420
mean 100 episode reward: -20.7
% time spent exploring: 2
Loss: 0.016132168471813202
********************************************************
********************************************************
steps: 367166
episodes: 430
mean 100 episode reward: -20.7
% time spent exploring: 2
Loss: 0.0011167654301971197
********************************************************
********************************************************
steps: 375342
episodes: 440
mean 100 episode reward: -20.8
% time spent exploring: 2
Loss: 0.0028033971320837736
********************************************************
********************************************************
steps: 383420
episodes: 450
mean 100 episode reward: -20.8
% time spent exploring: 2
Loss: 0.000513586972374469
********************************************************
********************************************************
steps: 391777
episodes: 460
mean 100 episode reward: -20.8
% time spent exploring: 2
Loss: 0.0001508707064203918
********************************************************
********************************************************
steps: 400478
episodes: 470
mean 100 episode reward: -20.8
% time spent exploring: 2
Loss: 0.0003571628185454756
********************************************************
********************************************************
steps: 408951
episodes: 480
mean 100 episode reward: -20.8
% time spent exploring: 2
Loss: 0.015146131627261639
********************************************************
********************************************************
steps: 417530
episodes: 490
mean 100 episode reward: -20.7
% time spent exploring: 2
Loss: 0.01586257666349411
********************************************************
********************************************************
steps: 425885
episodes: 500
mean 100 episode reward: -20.7
% time spent exploring: 2
Loss: 0.015369647182524204
********************************************************
********************************************************
steps: 433937
episodes: 510
mean 100 episode reward: -20.7
% time spent exploring: 2
Loss: 0.0005222972249612212
********************************************************
********************************************************
steps: 442161
episodes: 520
mean 100 episode reward: -20.7
% time spent exploring: 2
Loss: 0.04302353411912918
********************************************************
********************************************************
steps: 450890
episodes: 530
mean 100 episode reward: -20.7
% time spent exploring: 2
Loss: 0.01663319766521454
********************************************************
********************************************************
steps: 459097
episodes: 540
mean 100 episode reward: -20.7
% time spent exploring: 2
Loss: 0.015130252577364445
********************************************************
********************************************************
steps: 467473
episodes: 550
mean 100 episode reward: -20.7
% time spent exploring: 2
Loss: 0.023237604647874832
********************************************************
********************************************************
steps: 475626
episodes: 560
mean 100 episode reward: -20.7
% time spent exploring: 2
Loss: 0.0011625909246504307
********************************************************
********************************************************
steps: 484210
episodes: 570
mean 100 episode reward: -20.7
% time spent exploring: 2
Loss: 0.016270574182271957
********************************************************
********************************************************
steps: 492405
episodes: 580
mean 100 episode reward: -20.7
% time spent exploring: 2
Loss: 0.015116923488676548
********************************************************
********************************************************
steps: 500460
episodes: 590
mean 100 episode reward: -20.7
% time spent exploring: 2
Loss: 0.016617709770798683
********************************************************
********************************************************
steps: 508733
episodes: 600
mean 100 episode reward: -20.8
% time spent exploring: 2
Loss: 0.0002485338191036135
********************************************************
********************************************************
steps: 517391
episodes: 610
mean 100 episode reward: -20.7
% time spent exploring: 2
Loss: 0.00020993048383388668
********************************************************
********************************************************
steps: 525389
episodes: 620
mean 100 episode reward: -20.7
% time spent exploring: 2
Loss: 0.030074916779994965
********************************************************
********************************************************
steps: 533499
episodes: 630
mean 100 episode reward: -20.7
% time spent exploring: 2
Loss: 0.0668351948261261
********************************************************
********************************************************
steps: 542186
episodes: 640
mean 100 episode reward: -20.8
% time spent exploring: 2
Loss: 0.029864756390452385
********************************************************
********************************************************
steps: 550368
episodes: 650
mean 100 episode reward: -20.8
% time spent exploring: 2
Loss: 0.00045797217171639204
********************************************************
********************************************************
steps: 559143
episodes: 660
mean 100 episode reward: -20.8
% time spent exploring: 2
Loss: 0.0002783882664516568
********************************************************
********************************************************
steps: 567352
episodes: 670
mean 100 episode reward: -20.8
% time spent exploring: 2
Loss: 0.001004977384582162
********************************************************
********************************************************
steps: 575628
episodes: 680
mean 100 episode reward: -20.8
% time spent exploring: 2
Loss: 0.00023150909692049026
********************************************************
********************************************************
steps: 584156
episodes: 690
mean 100 episode reward: -20.8
% time spent exploring: 2
Loss: 0.023852895945310593
********************************************************
********************************************************
steps: 592785
episodes: 700
mean 100 episode reward: -20.8
% time spent exploring: 2
Loss: 0.029982540756464005
********************************************************
********************************************************
steps: 601384
episodes: 710
mean 100 episode reward: -20.8
% time spent exploring: 2
Loss: 0.01556199137121439
********************************************************
********************************************************
steps: 609811
episodes: 720
mean 100 episode reward: -20.8
% time spent exploring: 2
Loss: 0.016598127782344818
********************************************************
********************************************************
steps: 618665
episodes: 730
mean 100 episode reward: -20.8
% time spent exploring: 2
Loss: 0.029065370559692383
********************************************************
********************************************************
steps: 626960
episodes: 740
mean 100 episode reward: -20.8
% time spent exploring: 2
Loss: 0.03001626953482628
********************************************************
********************************************************
steps: 635360
episodes: 750
mean 100 episode reward: -20.7
% time spent exploring: 2
Loss: 0.015563867054879665
********************************************************
********************************************************
steps: 643312
episodes: 760
mean 100 episode reward: -20.7
% time spent exploring: 2
Loss: 0.015556052327156067
********************************************************
********************************************************
steps: 651536
episodes: 770
mean 100 episode reward: -20.7
% time spent exploring: 2
Loss: 0.00041642639553174376
********************************************************
********************************************************
steps: 660014
episodes: 780
mean 100 episode reward: -20.7
% time spent exploring: 2
Loss: 0.0013258991530165076
********************************************************
********************************************************
steps: 668420
episodes: 790
mean 100 episode reward: -20.7
% time spent exploring: 2
Loss: 0.0006411420763470232
********************************************************
********************************************************
steps: 676610
episodes: 800
mean 100 episode reward: -20.7
% time spent exploring: 2
Loss: 0.00031797843985259533
********************************************************
********************************************************
steps: 685355
episodes: 810
mean 100 episode reward: -20.7
% time spent exploring: 2
Loss: 0.00010178030061069876
********************************************************
********************************************************
steps: 693737
episodes: 820
mean 100 episode reward: -20.7
% time spent exploring: 2
Loss: 0.014649570919573307
********************************************************
********************************************************
steps: 701882
episodes: 830
mean 100 episode reward: -20.8
% time spent exploring: 2
Loss: 0.015301519073545933
********************************************************
********************************************************
steps: 710621
episodes: 840
mean 100 episode reward: -20.7
% time spent exploring: 2
Loss: 0.015579183585941792
********************************************************
********************************************************
steps: 718934
episodes: 850
mean 100 episode reward: -20.7
% time spent exploring: 2
Loss: 0.0005285164806991816
********************************************************
********************************************************
steps: 727615
episodes: 860
mean 100 episode reward: -20.7
% time spent exploring: 2
Loss: 0.014693077653646469
********************************************************
********************************************************
steps: 735774
episodes: 870
mean 100 episode reward: -20.7
% time spent exploring: 2
Loss: 0.01670006476342678
********************************************************
********************************************************
steps: 744047
episodes: 880
mean 100 episode reward: -20.8
% time spent exploring: 2
Loss: 0.00017758698959369212
********************************************************
********************************************************
steps: 752501
episodes: 890
mean 100 episode reward: -20.7
% time spent exploring: 2
Loss: 0.028907474130392075
********************************************************
********************************************************
steps: 761013
episodes: 900
mean 100 episode reward: -20.7
% time spent exploring: 2
Loss: 0.029377233237028122
********************************************************
********************************************************
steps: 769348
episodes: 910
mean 100 episode reward: -20.7
% time spent exploring: 2
Loss: 0.014924022369086742
********************************************************
********************************************************
steps: 777868
episodes: 920
mean 100 episode reward: -20.7
% time spent exploring: 2
Loss: 0.001033190288580954
********************************************************
********************************************************
steps: 786252
episodes: 930
mean 100 episode reward: -20.7
% time spent exploring: 2
Loss: 0.029494307935237885
********************************************************
********************************************************
steps: 794706
episodes: 940
mean 100 episode reward: -20.7
% time spent exploring: 2
Loss: 0.00031960400519892573
********************************************************
********************************************************
steps: 803048
episodes: 950
mean 100 episode reward: -20.7
% time spent exploring: 2
Loss: 0.00014491824549622834
********************************************************
********************************************************
steps: 811288
episodes: 960
mean 100 episode reward: -20.8
% time spent exploring: 2
Loss: 0.030604302883148193
********************************************************
********************************************************
steps: 819593
episodes: 970
mean 100 episode reward: -20.8
% time spent exploring: 2
Loss: 0.0005930971237830818
********************************************************
********************************************************
steps: 827626
episodes: 980
mean 100 episode reward: -20.8
% time spent exploring: 2
Loss: 0.0346856489777565
********************************************************
********************************************************
steps: 835975
episodes: 990
mean 100 episode reward: -20.8
% time spent exploring: 2
Loss: 0.00017757547902874649
********************************************************
********************************************************
steps: 844400
episodes: 1000
mean 100 episode reward: -20.8
% time spent exploring: 2
Loss: 0.014821457676589489
********************************************************
********************************************************
steps: 852467
episodes: 1010
mean 100 episode reward: -20.8
% time spent exploring: 2
Loss: 0.000379531760700047
********************************************************
********************************************************
steps: 861087
episodes: 1020
mean 100 episode reward: -20.8
% time spent exploring: 2
Loss: 0.01699085719883442
********************************************************
********************************************************
steps: 869519
episodes: 1030
mean 100 episode reward: -20.8
% time spent exploring: 2
Loss: 0.0004611759213730693
********************************************************
********************************************************
steps: 877908
episodes: 1040
mean 100 episode reward: -20.8
% time spent exploring: 2
Loss: 8.318703476106748e-05
********************************************************
********************************************************
steps: 886465
episodes: 1050
mean 100 episode reward: -20.7
% time spent exploring: 2
Loss: 0.015529049560427666
********************************************************
********************************************************
steps: 894341
episodes: 1060
mean 100 episode reward: -20.8
% time spent exploring: 2
Loss: 0.05144017934799194
********************************************************
********************************************************
steps: 902947
episodes: 1070
mean 100 episode reward: -20.8
% time spent exploring: 2
Loss: 0.002566702663898468
********************************************************
********************************************************
steps: 911286
episodes: 1080
mean 100 episode reward: -20.7
% time spent exploring: 2
Loss: 0.0369226336479187
********************************************************
********************************************************
steps: 919455
episodes: 1090
mean 100 episode reward: -20.7
% time spent exploring: 2
Loss: 0.014865275472402573
********************************************************
********************************************************
steps: 927885
episodes: 1100
mean 100 episode reward: -20.8
% time spent exploring: 2
Loss: 0.03306315094232559
********************************************************
********************************************************
steps: 936147
episodes: 1110
mean 100 episode reward: -20.8
% time spent exploring: 2
Loss: 0.0004131874884478748
********************************************************
********************************************************
steps: 944656
episodes: 1120
mean 100 episode reward: -20.8
% time spent exploring: 2
Loss: 0.016362465918064117
********************************************************
********************************************************
steps: 953109
episodes: 1130
mean 100 episode reward: -20.8
% time spent exploring: 2
Loss: 0.0007656094385311007
********************************************************
********************************************************
steps: 961364
episodes: 1140
mean 100 episode reward: -20.8
% time spent exploring: 2
Loss: 0.00035702393506653607
********************************************************
********************************************************
steps: 969703
episodes: 1150
mean 100 episode reward: -20.8
% time spent exploring: 2
Loss: 0.04790203645825386
********************************************************
********************************************************
steps: 977909
episodes: 1160
mean 100 episode reward: -20.8
% time spent exploring: 2
Loss: 0.00032088079024106264
********************************************************
********************************************************
steps: 986197
episodes: 1170
mean 100 episode reward: -20.8
% time spent exploring: 2
Loss: 0.00025184586411342025
********************************************************
********************************************************
steps: 994722
episodes: 1180
mean 100 episode reward: -20.8
% time spent exploring: 2
Loss: 0.00020662331371568143
********************************************************
Models/pongnoframeskip-v4/pongnoframeskip1.pth
