0.001
********************************************************
steps: 8491
episodes: 10
mean 100 episode reward: -20.3
% time spent exploring: 91
Loss: [0.0]
********************************************************
********************************************************
steps: 17669
episodes: 20
mean 100 episode reward: -20.3
% time spent exploring: 82
Loss: 0.03011654131114483
********************************************************
********************************************************
steps: 26717
episodes: 30
mean 100 episode reward: -20.4
% time spent exploring: 73
Loss: 0.0006797942332923412
********************************************************
********************************************************
steps: 36091
episodes: 40
mean 100 episode reward: -20.4
% time spent exploring: 64
Loss: 0.00013960280921310186
********************************************************
********************************************************
steps: 45063
episodes: 50
mean 100 episode reward: -20.4
% time spent exploring: 55
Loss: 0.0004956118064001203
********************************************************
********************************************************
steps: 54334
episodes: 60
mean 100 episode reward: -20.4
% time spent exploring: 46
Loss: 0.0005715446313843131
********************************************************
********************************************************
steps: 62948
episodes: 70
mean 100 episode reward: -20.4
% time spent exploring: 38
Loss: 0.00012151888950029388
********************************************************
********************************************************
steps: 71995
episodes: 80
mean 100 episode reward: -20.4
% time spent exploring: 29
Loss: 0.015617170371115208
********************************************************
********************************************************
steps: 80607
episodes: 90
mean 100 episode reward: -20.4
% time spent exploring: 21
Loss: 0.015479355119168758
********************************************************
********************************************************
steps: 89222
episodes: 100
mean 100 episode reward: -20.4
% time spent exploring: 12
Loss: 0.030283844098448753
********************************************************
********************************************************
steps: 97736
episodes: 110
mean 100 episode reward: -20.5
% time spent exploring: 4
Loss: 0.000995522947050631
********************************************************
********************************************************
steps: 105845
episodes: 120
mean 100 episode reward: -20.5
% time spent exploring: 2
Loss: 0.030133966356515884
********************************************************
********************************************************
steps: 113944
episodes: 130
mean 100 episode reward: -20.5
% time spent exploring: 2
Loss: 0.03075181134045124
********************************************************
********************************************************
steps: 121920
episodes: 140
mean 100 episode reward: -20.6
% time spent exploring: 2
Loss: 0.020042575895786285
********************************************************
********************************************************
steps: 130083
episodes: 150
mean 100 episode reward: -20.6
% time spent exploring: 2
Loss: 0.0002667475782800466
********************************************************
********************************************************
steps: 137991
episodes: 160
mean 100 episode reward: -20.7
% time spent exploring: 2
Loss: 0.0003442856250330806
********************************************************
********************************************************
steps: 146331
episodes: 170
mean 100 episode reward: -20.7
% time spent exploring: 2
Loss: 0.04467427730560303
********************************************************
********************************************************
steps: 154474
episodes: 180
mean 100 episode reward: -20.8
% time spent exploring: 2
Loss: 0.0010062066139653325
********************************************************
********************************************************
steps: 162205
episodes: 190
mean 100 episode reward: -20.8
% time spent exploring: 2
Loss: 0.028901148587465286
********************************************************
********************************************************
steps: 170273
episodes: 200
mean 100 episode reward: -20.8
% time spent exploring: 2
Loss: 0.014818085357546806
********************************************************
********************************************************
steps: 178436
episodes: 210
mean 100 episode reward: -20.9
% time spent exploring: 2
Loss: 0.0001632272033020854
********************************************************
********************************************************
steps: 186769
episodes: 220
mean 100 episode reward: -20.9
% time spent exploring: 2
Loss: 0.00012682972010225058
********************************************************
********************************************************
steps: 195257
episodes: 230
mean 100 episode reward: -20.9
% time spent exploring: 2
Loss: 0.00015583468484692276
********************************************************
********************************************************
steps: 203366
episodes: 240
mean 100 episode reward: -20.9
% time spent exploring: 2
Loss: 1.1037031072191894e-05
********************************************************
********************************************************
steps: 211340
episodes: 250
mean 100 episode reward: -20.9
% time spent exploring: 2
Loss: 0.015500466339290142
********************************************************
********************************************************
steps: 219329
episodes: 260
mean 100 episode reward: -20.9
% time spent exploring: 2
Loss: 0.0005004375125281513
********************************************************
********************************************************
steps: 227316
episodes: 270
mean 100 episode reward: -20.9
% time spent exploring: 2
Loss: 0.00028538034530356526
********************************************************
********************************************************
steps: 235511
episodes: 280
mean 100 episode reward: -20.9
% time spent exploring: 2
Loss: 0.032871611416339874
********************************************************
********************************************************
steps: 243668
episodes: 290
mean 100 episode reward: -20.8
% time spent exploring: 2
Loss: 0.0009541356703266501
********************************************************
********************************************************
steps: 251501
episodes: 300
mean 100 episode reward: -20.8
% time spent exploring: 2
Loss: 0.029294542968273163
********************************************************
********************************************************
steps: 259527
episodes: 310
mean 100 episode reward: -20.8
% time spent exploring: 2
Loss: 0.03057127073407173
********************************************************
********************************************************
steps: 267907
episodes: 320
mean 100 episode reward: -20.8
% time spent exploring: 2
Loss: 0.0004620148101821542
********************************************************
********************************************************
steps: 275832
episodes: 330
mean 100 episode reward: -20.8
% time spent exploring: 2
Loss: 3.959087189286947e-05
********************************************************
********************************************************
steps: 283991
episodes: 340
mean 100 episode reward: -20.9
% time spent exploring: 2
Loss: 0.0002091369533445686
********************************************************
********************************************************
steps: 291978
episodes: 350
mean 100 episode reward: -20.9
% time spent exploring: 2
Loss: 0.029744740575551987
********************************************************
********************************************************
steps: 300045
episodes: 360
mean 100 episode reward: -20.9
% time spent exploring: 2
Loss: 0.03697998821735382
********************************************************
********************************************************
steps: 307949
episodes: 370
mean 100 episode reward: -20.8
% time spent exploring: 2
Loss: 0.042496804147958755
********************************************************
********************************************************
steps: 316329
episodes: 380
mean 100 episode reward: -20.9
% time spent exploring: 2
Loss: 0.029652094468474388
********************************************************
********************************************************
steps: 324837
episodes: 390
mean 100 episode reward: -20.8
% time spent exploring: 2
Loss: 0.000524106144439429
********************************************************
********************************************************
steps: 333165
episodes: 400
mean 100 episode reward: -20.8
% time spent exploring: 2
Loss: 0.02983841858804226
********************************************************
********************************************************
steps: 341529
episodes: 410
mean 100 episode reward: -20.8
% time spent exploring: 2
Loss: 0.01575719378888607
********************************************************
********************************************************
steps: 349746
episodes: 420
mean 100 episode reward: -20.9
% time spent exploring: 2
Loss: 0.02147669531404972
********************************************************
********************************************************
steps: 357979
episodes: 430
mean 100 episode reward: -20.8
% time spent exploring: 2
Loss: 0.00013175650383345783
********************************************************
********************************************************
steps: 366045
episodes: 440
mean 100 episode reward: -20.8
% time spent exploring: 2
Loss: 0.015113402158021927
********************************************************
********************************************************
steps: 374567
episodes: 450
mean 100 episode reward: -20.8
% time spent exploring: 2
Loss: 0.022795580327510834
********************************************************
********************************************************
steps: 382445
episodes: 460
mean 100 episode reward: -20.8
% time spent exploring: 2
Loss: 0.030793089419603348
********************************************************
********************************************************
steps: 390927
episodes: 470
mean 100 episode reward: -20.8
% time spent exploring: 2
Loss: 7.258007826749235e-05
********************************************************
********************************************************
steps: 399373
episodes: 480
mean 100 episode reward: -20.8
% time spent exploring: 2
Loss: 7.444013317581266e-05
********************************************************
********************************************************
steps: 407521
episodes: 490
mean 100 episode reward: -20.8
% time spent exploring: 2
Loss: 0.015255292877554893
********************************************************
********************************************************
steps: 415524
episodes: 500
mean 100 episode reward: -20.8
% time spent exploring: 2
Loss: 0.015433790162205696
********************************************************
********************************************************
steps: 423295
episodes: 510
mean 100 episode reward: -20.8
% time spent exploring: 2
Loss: 0.04636837914586067
********************************************************
********************************************************
steps: 431135
episodes: 520
mean 100 episode reward: -20.8
% time spent exploring: 2
Loss: 4.483786324271932e-05
********************************************************
********************************************************
steps: 439085
episodes: 530
mean 100 episode reward: -20.8
% time spent exploring: 2
Loss: 0.00040410266956314445
********************************************************
********************************************************
steps: 447203
episodes: 540
mean 100 episode reward: -20.8
% time spent exploring: 2
Loss: 0.030769016593694687
********************************************************
********************************************************
steps: 455490
episodes: 550
mean 100 episode reward: -20.8
% time spent exploring: 2
Loss: 0.00038988905726000667
********************************************************
********************************************************
steps: 463689
episodes: 560
mean 100 episode reward: -20.8
% time spent exploring: 2
Loss: 0.03155554085969925
********************************************************
********************************************************
steps: 471978
episodes: 570
mean 100 episode reward: -20.8
% time spent exploring: 2
Loss: 0.015459668822586536
********************************************************
********************************************************
steps: 480316
episodes: 580
mean 100 episode reward: -20.8
% time spent exploring: 2
Loss: 0.021392155438661575
********************************************************
********************************************************
steps: 488283
episodes: 590
mean 100 episode reward: -20.8
% time spent exploring: 2
Loss: 0.015854092314839363
********************************************************
********************************************************
steps: 496520
episodes: 600
mean 100 episode reward: -20.8
% time spent exploring: 2
Loss: 0.0004458259209059179
********************************************************
********************************************************
steps: 504644
episodes: 610
mean 100 episode reward: -20.8
% time spent exploring: 2
Loss: 0.00014895718777552247
********************************************************
********************************************************
steps: 512713
episodes: 620
mean 100 episode reward: -20.8
% time spent exploring: 2
Loss: 0.0007835604483261704
********************************************************
********************************************************
steps: 521012
episodes: 630
mean 100 episode reward: -20.8
% time spent exploring: 2
Loss: 8.631234231870621e-05
********************************************************
********************************************************
steps: 529143
episodes: 640
mean 100 episode reward: -20.8
% time spent exploring: 2
Loss: 0.029602285474538803
********************************************************
********************************************************
steps: 537203
episodes: 650
mean 100 episode reward: -20.8
% time spent exploring: 2
Loss: 0.01563917100429535
********************************************************
********************************************************
steps: 545284
episodes: 660
mean 100 episode reward: -20.8
% time spent exploring: 2
Loss: 0.0010902242502197623
********************************************************
********************************************************
steps: 553172
episodes: 670
mean 100 episode reward: -20.8
% time spent exploring: 2
Loss: 0.024881672114133835
********************************************************
********************************************************
steps: 561038
episodes: 680
mean 100 episode reward: -20.8
% time spent exploring: 2
Loss: 0.0007539343787357211
********************************************************
********************************************************
steps: 569153
episodes: 690
mean 100 episode reward: -20.9
% time spent exploring: 2
Loss: 0.000519996858201921
********************************************************
********************************************************
steps: 577137
episodes: 700
mean 100 episode reward: -20.9
% time spent exploring: 2
Loss: 0.000309217837639153
********************************************************
********************************************************
steps: 585565
episodes: 710
mean 100 episode reward: -20.9
% time spent exploring: 2
Loss: 0.00020808058616239578
********************************************************
********************************************************
steps: 593677
episodes: 720
mean 100 episode reward: -20.9
% time spent exploring: 2
Loss: 0.01522229053080082
********************************************************
********************************************************
steps: 601817
episodes: 730
mean 100 episode reward: -20.9
% time spent exploring: 2
Loss: 0.0006519095040857792
********************************************************
********************************************************
steps: 610125
episodes: 740
mean 100 episode reward: -20.9
% time spent exploring: 2
Loss: 0.030195843428373337
********************************************************
********************************************************
steps: 618395
episodes: 750
mean 100 episode reward: -20.8
% time spent exploring: 2
Loss: 0.0003430436481721699
********************************************************
********************************************************
steps: 626316
episodes: 760
mean 100 episode reward: -20.9
% time spent exploring: 2
Loss: 0.030282840132713318
********************************************************
********************************************************
steps: 634252
episodes: 770
mean 100 episode reward: -20.9
% time spent exploring: 2
Loss: 0.0007535236072726548
********************************************************
********************************************************
steps: 642327
episodes: 780
mean 100 episode reward: -20.9
% time spent exploring: 2
Loss: 0.00020875688642263412
********************************************************
********************************************************
steps: 650634
episodes: 790
mean 100 episode reward: -20.8
% time spent exploring: 2
Loss: 0.000127992985653691
********************************************************
********************************************************
steps: 658854
episodes: 800
mean 100 episode reward: -20.8
% time spent exploring: 2
Loss: 7.80683258199133e-05
********************************************************
********************************************************
steps: 667286
episodes: 810
mean 100 episode reward: -20.8
% time spent exploring: 2
Loss: 0.015625126659870148
********************************************************
********************************************************
steps: 675348
episodes: 820
mean 100 episode reward: -20.8
% time spent exploring: 2
Loss: 0.014994710683822632
********************************************************
********************************************************
steps: 683404
episodes: 830
mean 100 episode reward: -20.8
% time spent exploring: 2
Loss: 0.04034431278705597
********************************************************
********************************************************
steps: 691310
episodes: 840
mean 100 episode reward: -20.8
% time spent exploring: 2
Loss: 0.030284080654382706
********************************************************
********************************************************
steps: 699209
episodes: 850
mean 100 episode reward: -20.8
% time spent exploring: 2
Loss: 0.01525235828012228
********************************************************
********************************************************
steps: 707201
episodes: 860
mean 100 episode reward: -20.8
% time spent exploring: 2
Loss: 0.015414167195558548
********************************************************
********************************************************
steps: 715226
episodes: 870
mean 100 episode reward: -20.8
% time spent exploring: 2
Loss: 0.00021527621720451862
********************************************************
********************************************************
steps: 723277
episodes: 880
mean 100 episode reward: -20.8
% time spent exploring: 2
Loss: 0.000382329395506531
********************************************************
********************************************************
steps: 731524
episodes: 890
mean 100 episode reward: -20.8
% time spent exploring: 2
Loss: 0.01550711877644062
********************************************************
********************************************************
steps: 739418
episodes: 900
mean 100 episode reward: -20.8
% time spent exploring: 2
Loss: 0.00038210191996768117
********************************************************
********************************************************
steps: 747545
episodes: 910
mean 100 episode reward: -20.8
% time spent exploring: 2
Loss: 0.0008224213379435241
********************************************************
********************************************************
steps: 755393
episodes: 920
mean 100 episode reward: -20.8
% time spent exploring: 2
Loss: 0.01493320893496275
********************************************************
********************************************************
steps: 763316
episodes: 930
mean 100 episode reward: -20.8
% time spent exploring: 2
Loss: 0.00023013725876808167
********************************************************
********************************************************
steps: 771661
episodes: 940
mean 100 episode reward: -20.8
% time spent exploring: 2
Loss: 0.0002189363876823336
********************************************************
********************************************************
steps: 779666
episodes: 950
mean 100 episode reward: -20.8
% time spent exploring: 2
Loss: 0.0003388399782124907
********************************************************
********************************************************
steps: 787751
episodes: 960
mean 100 episode reward: -20.8
% time spent exploring: 2
Loss: 0.0007605756400153041
********************************************************
********************************************************
steps: 795761
episodes: 970
mean 100 episode reward: -20.8
% time spent exploring: 2
Loss: 0.0005210136878304183
********************************************************
********************************************************
steps: 803830
episodes: 980
mean 100 episode reward: -20.8
% time spent exploring: 2
Loss: 0.0009655837784521282
********************************************************
********************************************************
steps: 811866
episodes: 990
mean 100 episode reward: -20.9
% time spent exploring: 2
Loss: 0.02930276468396187
********************************************************
********************************************************
steps: 820067
episodes: 1000
mean 100 episode reward: -20.9
% time spent exploring: 2
Loss: 0.029980193823575974
********************************************************
********************************************************
steps: 828348
episodes: 1010
mean 100 episode reward: -20.9
% time spent exploring: 2
Loss: 0.0003986440715380013
********************************************************
********************************************************
steps: 836408
episodes: 1020
mean 100 episode reward: -20.8
% time spent exploring: 2
Loss: 0.030256953090429306
********************************************************
********************************************************
steps: 844457
episodes: 1030
mean 100 episode reward: -20.8
% time spent exploring: 2
Loss: 0.00020301301265135407
********************************************************
********************************************************
steps: 852415
episodes: 1040
mean 100 episode reward: -20.8
% time spent exploring: 2
Loss: 0.02979269251227379
********************************************************
********************************************************
steps: 860719
episodes: 1050
mean 100 episode reward: -20.8
% time spent exploring: 2
Loss: 0.01534456480294466
********************************************************
********************************************************
steps: 868512
episodes: 1060
mean 100 episode reward: -20.8
% time spent exploring: 2
Loss: 0.00034989556297659874
********************************************************
********************************************************
steps: 876545
episodes: 1070
mean 100 episode reward: -20.8
% time spent exploring: 2
Loss: 0.01522483304142952
********************************************************
********************************************************
steps: 884733
episodes: 1080
mean 100 episode reward: -20.8
% time spent exploring: 2
Loss: 0.00017633232346270233
********************************************************
********************************************************
steps: 893117
episodes: 1090
mean 100 episode reward: -20.8
% time spent exploring: 2
Loss: 0.04576316475868225
********************************************************
********************************************************
steps: 901127
episodes: 1100
mean 100 episode reward: -20.8
% time spent exploring: 2
Loss: 0.015209512785077095
********************************************************
********************************************************
steps: 909332
episodes: 1110
mean 100 episode reward: -20.8
% time spent exploring: 2
Loss: 0.029915666207671165
********************************************************
********************************************************
steps: 917374
episodes: 1120
mean 100 episode reward: -20.9
% time spent exploring: 2
Loss: 0.0007167818257585168
********************************************************
********************************************************
steps: 925737
episodes: 1130
mean 100 episode reward: -20.9
% time spent exploring: 2
Loss: 0.0003078815061599016
********************************************************
********************************************************
steps: 933845
episodes: 1140
mean 100 episode reward: -20.9
% time spent exploring: 2
Loss: 0.029929352924227715
********************************************************
********************************************************
steps: 942134
episodes: 1150
mean 100 episode reward: -20.9
% time spent exploring: 2
Loss: 0.000348825182300061
********************************************************
********************************************************
steps: 949914
episodes: 1160
mean 100 episode reward: -20.9
% time spent exploring: 2
Loss: 0.001633262261748314
********************************************************
********************************************************
steps: 958054
episodes: 1170
mean 100 episode reward: -20.9
% time spent exploring: 2
Loss: 0.015290964394807816
********************************************************
********************************************************
steps: 966071
episodes: 1180
mean 100 episode reward: -20.9
% time spent exploring: 2
Loss: 0.00031164236133918166
********************************************************
********************************************************
steps: 974147
episodes: 1190
mean 100 episode reward: -20.9
% time spent exploring: 2
Loss: 0.00034152204170823097
********************************************************
********************************************************
steps: 982329
episodes: 1200
mean 100 episode reward: -20.9
% time spent exploring: 2
Loss: 0.01563100330531597
********************************************************
********************************************************
steps: 990521
episodes: 1210
mean 100 episode reward: -20.9
% time spent exploring: 2
Loss: 0.0003852205991279334
********************************************************
********************************************************
steps: 998599
episodes: 1220
mean 100 episode reward: -20.8
% time spent exploring: 2
Loss: 0.030148936435580254
********************************************************
Models/pongnoframeskip-v4/pongnoframeskip1.pth
Models/pongnoframeskip-v4/pongnoframeskip2.pth
