lr: 0.1
********************************************************
steps: 8698
episodes: 10
mean 100 episode reward: -19.8
% time spent exploring: 91
Loss: [0.0]
********************************************************
********************************************************
steps: 18534
episodes: 20
mean 100 episode reward: -19.7
% time spent exploring: 81
Loss: 0.0008312418358400464
********************************************************
********************************************************
steps: 27749
episodes: 30
mean 100 episode reward: -19.9
% time spent exploring: 72
Loss: 0.00019635065109468997
********************************************************
********************************************************
steps: 37068
episodes: 40
mean 100 episode reward: -20.0
% time spent exploring: 63
Loss: 0.00017202079470735043
********************************************************
********************************************************
steps: 45760
episodes: 50
mean 100 episode reward: -20.2
% time spent exploring: 55
Loss: 0.017000237479805946
********************************************************
********************************************************
steps: 55070
episodes: 60
mean 100 episode reward: -20.2
% time spent exploring: 46
Loss: 0.034087397158145905
********************************************************
********************************************************
steps: 64511
episodes: 70
mean 100 episode reward: -20.2
% time spent exploring: 36
Loss: 0.006181263364851475
********************************************************
********************************************************
steps: 73881
episodes: 80
mean 100 episode reward: -20.2
% time spent exploring: 27
Loss: 0.0012843564618378878
********************************************************
********************************************************
steps: 82721
episodes: 90
mean 100 episode reward: -20.2
% time spent exploring: 18
Loss: 0.007724843919277191
********************************************************
********************************************************
steps: 92137
episodes: 100
mean 100 episode reward: -20.2
% time spent exploring: 9
Loss: 0.0022581168450415134
********************************************************
********************************************************
steps: 101255
episodes: 110
mean 100 episode reward: -20.3
% time spent exploring: 2
Loss: 0.021314602345228195
********************************************************
********************************************************
steps: 109724
episodes: 120
mean 100 episode reward: -20.4
% time spent exploring: 2
Loss: 0.01211564615368843
********************************************************
********************************************************
steps: 118696
episodes: 130
mean 100 episode reward: -20.4
% time spent exploring: 2
Loss: 0.042203232645988464
********************************************************
********************************************************
steps: 126850
episodes: 140
mean 100 episode reward: -20.5
% time spent exploring: 2
Loss: 0.001035261433571577
********************************************************
********************************************************
steps: 135424
episodes: 150
mean 100 episode reward: -20.5
% time spent exploring: 2
Loss: 0.00365942670032382
********************************************************
********************************************************
steps: 144660
episodes: 160
mean 100 episode reward: -20.5
% time spent exploring: 2
Loss: 0.008830808103084564
********************************************************
********************************************************
steps: 153778
episodes: 170
mean 100 episode reward: -20.5
% time spent exploring: 2
Loss: 0.0040412950329482555
********************************************************
********************************************************
steps: 162713
episodes: 180
mean 100 episode reward: -20.6
% time spent exploring: 2
Loss: 0.014113014563918114
********************************************************
********************************************************
steps: 171767
episodes: 190
mean 100 episode reward: -20.6
% time spent exploring: 2
Loss: 0.017558295279741287
********************************************************
********************************************************
steps: 180214
episodes: 200
mean 100 episode reward: -20.6
% time spent exploring: 2
Loss: 0.03450804576277733
********************************************************
********************************************************
steps: 189180
episodes: 210
mean 100 episode reward: -20.7
% time spent exploring: 2
Loss: 0.0005244845524430275
********************************************************
********************************************************
steps: 197372
episodes: 220
mean 100 episode reward: -20.7
% time spent exploring: 2
Loss: 0.03159663453698158
********************************************************
********************************************************
steps: 206164
episodes: 230
mean 100 episode reward: -20.7
% time spent exploring: 2
Loss: 0.0015217041363939643
********************************************************
********************************************************
steps: 215135
episodes: 240
mean 100 episode reward: -20.6
% time spent exploring: 2
Loss: 0.002743898192420602
********************************************************
********************************************************
steps: 224181
episodes: 250
mean 100 episode reward: -20.6
% time spent exploring: 2
Loss: 0.021001901477575302
********************************************************
********************************************************
steps: 233092
episodes: 260
mean 100 episode reward: -20.6
% time spent exploring: 2
Loss: 0.023962920531630516
********************************************************
********************************************************
steps: 242195
episodes: 270
mean 100 episode reward: -20.6
% time spent exploring: 2
Loss: 0.018059583380818367
********************************************************
********************************************************
steps: 251100
episodes: 280
mean 100 episode reward: -20.7
% time spent exploring: 2
Loss: 0.019970187917351723
********************************************************
********************************************************
steps: 260398
episodes: 290
mean 100 episode reward: -20.6
% time spent exploring: 2
Loss: 0.016806239262223244
********************************************************
********************************************************
steps: 269391
episodes: 300
mean 100 episode reward: -20.6
% time spent exploring: 2
Loss: 0.016969267278909683
********************************************************
********************************************************
steps: 277987
episodes: 310
mean 100 episode reward: -20.6
% time spent exploring: 2
Loss: 0.016292423009872437
********************************************************
********************************************************
steps: 286706
episodes: 320
mean 100 episode reward: -20.5
% time spent exploring: 2
Loss: 0.030979860574007034
********************************************************
********************************************************
steps: 295428
episodes: 330
mean 100 episode reward: -20.6
% time spent exploring: 2
Loss: 0.02367624081671238
********************************************************
********************************************************
steps: 304317
episodes: 340
mean 100 episode reward: -20.6
% time spent exploring: 2
Loss: 0.029491953551769257
********************************************************
********************************************************
steps: 312982
episodes: 350
mean 100 episode reward: -20.6
% time spent exploring: 2
Loss: 0.0012603836366906762
********************************************************
********************************************************
steps: 322133
episodes: 360
mean 100 episode reward: -20.6
% time spent exploring: 2
Loss: 0.017375346273183823
********************************************************
********************************************************
steps: 331608
episodes: 370
mean 100 episode reward: -20.6
% time spent exploring: 2
Loss: 0.0014903347473591566
********************************************************
********************************************************
steps: 341312
episodes: 380
mean 100 episode reward: -20.5
% time spent exploring: 2
Loss: 0.003674647770822048
********************************************************
********************************************************
steps: 350298
episodes: 390
mean 100 episode reward: -20.5
% time spent exploring: 2
Loss: 0.0400339774787426
********************************************************
********************************************************
steps: 359752
episodes: 400
mean 100 episode reward: -20.5
% time spent exploring: 2
Loss: 0.017819255590438843
********************************************************
********************************************************
steps: 368474
episodes: 410
mean 100 episode reward: -20.5
% time spent exploring: 2
Loss: 0.06478285789489746
********************************************************
********************************************************
steps: 377768
episodes: 420
mean 100 episode reward: -20.6
% time spent exploring: 2
Loss: 0.01642957516014576
********************************************************
********************************************************
steps: 386478
episodes: 430
mean 100 episode reward: -20.5
% time spent exploring: 2
Loss: 0.0009332055342383683
********************************************************
********************************************************
steps: 395940
episodes: 440
mean 100 episode reward: -20.5
% time spent exploring: 2
Loss: 0.014426766894757748
********************************************************
********************************************************
steps: 404919
episodes: 450
mean 100 episode reward: -20.5
% time spent exploring: 2
Loss: 0.0012820304837077856
********************************************************
********************************************************
steps: 413968
episodes: 460
mean 100 episode reward: -20.5
% time spent exploring: 2
Loss: 0.0013571858871728182
********************************************************
********************************************************
steps: 423316
episodes: 470
mean 100 episode reward: -20.4
% time spent exploring: 2
Loss: 0.004202057607471943
********************************************************
********************************************************
steps: 432444
episodes: 480
mean 100 episode reward: -20.5
% time spent exploring: 2
Loss: 0.023560503497719765
********************************************************
********************************************************
steps: 442078
episodes: 490
mean 100 episode reward: -20.4
% time spent exploring: 2
Loss: 0.03477507084608078
********************************************************
********************************************************
steps: 451247
episodes: 500
mean 100 episode reward: -20.4
% time spent exploring: 2
Loss: 0.03669394180178642
********************************************************
********************************************************
steps: 460490
episodes: 510
mean 100 episode reward: -20.4
% time spent exploring: 2
Loss: 0.010963807813823223
********************************************************
********************************************************
steps: 469274
episodes: 520
mean 100 episode reward: -20.4
% time spent exploring: 2
Loss: 0.01642496883869171
********************************************************
********************************************************
steps: 478386
episodes: 530
mean 100 episode reward: -20.4
% time spent exploring: 2
Loss: 0.014956164173781872
********************************************************
********************************************************
steps: 487275
episodes: 540
mean 100 episode reward: -20.4
% time spent exploring: 2
Loss: 0.034556031227111816
********************************************************
********************************************************
steps: 496358
episodes: 550
mean 100 episode reward: -20.4
% time spent exploring: 2
Loss: 0.013808504678308964
********************************************************
********************************************************
steps: 505385
episodes: 560
mean 100 episode reward: -20.4
% time spent exploring: 2
Loss: 0.032000988721847534
********************************************************
********************************************************
steps: 514200
episodes: 570
mean 100 episode reward: -20.4
% time spent exploring: 2
Loss: 0.015376044437289238
********************************************************
********************************************************
steps: 523120
episodes: 580
mean 100 episode reward: -20.5
% time spent exploring: 2
Loss: 0.054962679743766785
********************************************************
********************************************************
steps: 531559
episodes: 590
mean 100 episode reward: -20.6
% time spent exploring: 2
Loss: 0.03441942483186722
********************************************************
********************************************************
steps: 540782
episodes: 600
mean 100 episode reward: -20.6
% time spent exploring: 2
Loss: 0.02921576239168644
********************************************************
********************************************************
steps: 549882
episodes: 610
mean 100 episode reward: -20.6
% time spent exploring: 2
Loss: 0.004952199757099152
********************************************************
********************************************************
steps: 558536
episodes: 620
mean 100 episode reward: -20.6
% time spent exploring: 2
Loss: 0.01713656075298786
********************************************************
********************************************************
steps: 567499
episodes: 630
mean 100 episode reward: -20.6
% time spent exploring: 2
Loss: 0.02950538881123066
********************************************************
********************************************************
steps: 576451
episodes: 640
mean 100 episode reward: -20.6
% time spent exploring: 2
Loss: 0.019402239471673965
********************************************************
********************************************************
steps: 585371
episodes: 650
mean 100 episode reward: -20.6
% time spent exploring: 2
Loss: 0.00204291520640254
********************************************************
********************************************************
steps: 594190
episodes: 660
mean 100 episode reward: -20.6
% time spent exploring: 2
Loss: 0.003673028200864792
********************************************************
********************************************************
steps: 603154
episodes: 670
mean 100 episode reward: -20.6
% time spent exploring: 2
Loss: 0.025883160531520844
********************************************************
********************************************************
steps: 611592
episodes: 680
mean 100 episode reward: -20.6
% time spent exploring: 2
Loss: 0.0018656784668564796
********************************************************
********************************************************
steps: 620521
episodes: 690
mean 100 episode reward: -20.6
% time spent exploring: 2
Loss: 0.022667042911052704
********************************************************
********************************************************
steps: 629394
episodes: 700
mean 100 episode reward: -20.6
% time spent exploring: 2
Loss: 0.002766228746622801
********************************************************
********************************************************
steps: 638398
episodes: 710
mean 100 episode reward: -20.6
% time spent exploring: 2
Loss: 0.042437657713890076
********************************************************
********************************************************
steps: 647492
episodes: 720
mean 100 episode reward: -20.6
% time spent exploring: 2
Loss: 0.022798938676714897
********************************************************
********************************************************
steps: 656116
episodes: 730
mean 100 episode reward: -20.6
% time spent exploring: 2
Loss: 0.0018879511626437306
********************************************************
********************************************************
steps: 664659
episodes: 740
mean 100 episode reward: -20.6
% time spent exploring: 2
Loss: 0.04358907788991928
********************************************************
********************************************************
steps: 673628
episodes: 750
mean 100 episode reward: -20.6
% time spent exploring: 2
Loss: 0.0291278176009655
********************************************************
********************************************************
steps: 682361
episodes: 760
mean 100 episode reward: -20.6
% time spent exploring: 2
Loss: 0.02971438691020012
********************************************************
********************************************************
steps: 691153
episodes: 770
mean 100 episode reward: -20.6
% time spent exploring: 2
Loss: 0.0016351975500583649
********************************************************
********************************************************
steps: 700430
episodes: 780
mean 100 episode reward: -20.5
% time spent exploring: 2
Loss: 0.00120999023783952
********************************************************
********************************************************
steps: 709619
episodes: 790
mean 100 episode reward: -20.5
% time spent exploring: 2
Loss: 0.0013131997548043728
********************************************************
********************************************************
steps: 719008
episodes: 800
mean 100 episode reward: -20.5
% time spent exploring: 2
Loss: 0.007838692516088486
********************************************************
********************************************************
steps: 728124
episodes: 810
mean 100 episode reward: -20.5
% time spent exploring: 2
Loss: 0.03217034041881561
********************************************************
********************************************************
steps: 736855
episodes: 820
mean 100 episode reward: -20.5
% time spent exploring: 2
Loss: 0.00395288085564971
********************************************************
********************************************************
steps: 746006
episodes: 830
mean 100 episode reward: -20.5
% time spent exploring: 2
Loss: 0.02175486832857132
********************************************************
********************************************************
steps: 754604
episodes: 840
mean 100 episode reward: -20.6
% time spent exploring: 2
Loss: 0.0013347268104553223
********************************************************
********************************************************
steps: 763958
episodes: 850
mean 100 episode reward: -20.6
% time spent exploring: 2
Loss: 0.0010603724513202906
********************************************************
********************************************************
steps: 772806
episodes: 860
mean 100 episode reward: -20.5
% time spent exploring: 2
Loss: 0.0015117931179702282
********************************************************
********************************************************
steps: 781727
episodes: 870
mean 100 episode reward: -20.6
% time spent exploring: 2
Loss: 0.018096353858709335
********************************************************
********************************************************
steps: 790669
episodes: 880
mean 100 episode reward: -20.6
% time spent exploring: 2
Loss: 0.033819664269685745
********************************************************
********************************************************
steps: 799600
episodes: 890
mean 100 episode reward: -20.6
% time spent exploring: 2
Loss: 0.007328101433813572
********************************************************
********************************************************
steps: 808593
episodes: 900
mean 100 episode reward: -20.7
% time spent exploring: 2
Loss: 0.0018856663955375552
********************************************************
********************************************************
steps: 817920
episodes: 910
mean 100 episode reward: -20.6
% time spent exploring: 2
Loss: 0.001837537158280611
********************************************************
********************************************************
steps: 826912
episodes: 920
mean 100 episode reward: -20.6
% time spent exploring: 2
Loss: 0.029546648263931274
********************************************************
********************************************************
steps: 835817
episodes: 930
mean 100 episode reward: -20.6
% time spent exploring: 2
Loss: 0.002348686568439007
********************************************************
********************************************************
steps: 843981
episodes: 940
mean 100 episode reward: -20.6
% time spent exploring: 2
Loss: 0.015408913604915142
********************************************************
********************************************************
steps: 852511
episodes: 950
mean 100 episode reward: -20.6
% time spent exploring: 2
Loss: 0.014252050779759884
********************************************************
********************************************************
steps: 861408
episodes: 960
mean 100 episode reward: -20.6
% time spent exploring: 2
Loss: 0.03985999897122383
********************************************************
********************************************************
steps: 870343
episodes: 970
mean 100 episode reward: -20.6
% time spent exploring: 2
Loss: 0.0030673136934638023
********************************************************
********************************************************
steps: 879493
episodes: 980
mean 100 episode reward: -20.6
% time spent exploring: 2
Loss: 0.01698547601699829
********************************************************
********************************************************
steps: 888938
episodes: 990
mean 100 episode reward: -20.5
% time spent exploring: 2
Loss: 0.0038065502885729074
********************************************************
********************************************************
steps: 898117
episodes: 1000
mean 100 episode reward: -20.5
% time spent exploring: 2
Loss: 0.003482256783172488
********************************************************
********************************************************
steps: 907063
episodes: 1010
mean 100 episode reward: -20.6
% time spent exploring: 2
Loss: 0.01549821812659502
********************************************************
********************************************************
steps: 916008
episodes: 1020
mean 100 episode reward: -20.6
% time spent exploring: 2
Loss: 0.01591615192592144
********************************************************
********************************************************
steps: 924780
episodes: 1030
mean 100 episode reward: -20.6
% time spent exploring: 2
Loss: 0.001344718737527728
********************************************************
********************************************************
steps: 933755
episodes: 1040
mean 100 episode reward: -20.6
% time spent exploring: 2
Loss: 0.007894500158727169
********************************************************
********************************************************
steps: 942789
episodes: 1050
mean 100 episode reward: -20.6
% time spent exploring: 2
Loss: 0.0016732418444007635
********************************************************
********************************************************
steps: 951528
episodes: 1060
mean 100 episode reward: -20.6
% time spent exploring: 2
Loss: 0.017214909195899963
********************************************************
********************************************************
steps: 960700
episodes: 1070
mean 100 episode reward: -20.6
% time spent exploring: 2
Loss: 0.0006588343530893326
********************************************************
********************************************************
steps: 969335
episodes: 1080
mean 100 episode reward: -20.6
% time spent exploring: 2
Loss: 0.007611130364239216
********************************************************
********************************************************
steps: 978114
episodes: 1090
mean 100 episode reward: -20.6
% time spent exploring: 2
Loss: 0.006889677606523037
********************************************************
********************************************************
steps: 987036
episodes: 1100
mean 100 episode reward: -20.5
% time spent exploring: 2
Loss: 0.035932496190071106
********************************************************
********************************************************
steps: 995925
episodes: 1110
mean 100 episode reward: -20.5
% time spent exploring: 2
Loss: 0.01501980610191822
********************************************************
