0.0001
********************************************************
steps: 7855
episodes: 10
mean 100 episode reward: -20.3
% time spent exploring: 92
Loss: [0.0]
********************************************************
********************************************************
steps: 16788
episodes: 20
mean 100 episode reward: -20.6
% time spent exploring: 83
Loss: 0.0008344408706761897
********************************************************
********************************************************
steps: 26588
episodes: 30
mean 100 episode reward: -20.5
% time spent exploring: 73
Loss: 0.0005142794107086957
********************************************************
********************************************************
steps: 35429
episodes: 40
mean 100 episode reward: -20.4
% time spent exploring: 65
Loss: 0.0004358691512607038
********************************************************
********************************************************
steps: 44784
episodes: 50
mean 100 episode reward: -20.3
% time spent exploring: 56
Loss: 0.004379671066999435
********************************************************
********************************************************
steps: 54008
episodes: 60
mean 100 episode reward: -20.4
% time spent exploring: 47
Loss: 0.0063343290239572525
********************************************************
********************************************************
steps: 63257
episodes: 70
mean 100 episode reward: -20.3
% time spent exploring: 38
Loss: 0.0012952961260452867
********************************************************
********************************************************
steps: 75385
episodes: 80
mean 100 episode reward: -20.1
% time spent exploring: 26
Loss: 0.0013723798329010606
********************************************************
********************************************************
steps: 90199
episodes: 90
mean 100 episode reward: -19.7
% time spent exploring: 11
Loss: 0.0008728766115382314
********************************************************
********************************************************
steps: 105811
episodes: 100
mean 100 episode reward: -19.5
% time spent exploring: 2
Loss: 0.004756155889481306
********************************************************
********************************************************
steps: 121463
episodes: 110
mean 100 episode reward: -19.2
% time spent exploring: 2
Loss: 0.004425525199621916
********************************************************
********************************************************
steps: 140204
episodes: 120
mean 100 episode reward: -18.8
% time spent exploring: 2
Loss: 0.001961308065801859
********************************************************
********************************************************
steps: 160481
episodes: 130
mean 100 episode reward: -18.2
% time spent exploring: 2
Loss: 0.0026914707850664854
********************************************************
********************************************************
steps: 183979
episodes: 140
mean 100 episode reward: -17.6
% time spent exploring: 2
Loss: 0.003019766416400671
********************************************************
********************************************************
steps: 210190
episodes: 150
mean 100 episode reward: -16.7
% time spent exploring: 2
Loss: 0.0007339005824178457
********************************************************
********************************************************
steps: 239450
episodes: 160
mean 100 episode reward: -15.7
% time spent exploring: 2
Loss: 0.0025197758805006742
********************************************************
********************************************************
steps: 275057
episodes: 170
mean 100 episode reward: -14.5
% time spent exploring: 2
Loss: 0.0018943552859127522
********************************************************
********************************************************
steps: 309354
episodes: 180
mean 100 episode reward: -13.6
% time spent exploring: 2
Loss: 0.00559863168746233
********************************************************
********************************************************
steps: 347739
episodes: 190
mean 100 episode reward: -12.3
% time spent exploring: 2
Loss: 0.004287188407033682
********************************************************
********************************************************
steps: 390229
episodes: 200
mean 100 episode reward: -10.9
% time spent exploring: 2
Loss: 0.004281211644411087
********************************************************
********************************************************
steps: 435846
episodes: 210
mean 100 episode reward: -9.2
% time spent exploring: 2
Loss: 0.002709790598601103
********************************************************
********************************************************
steps: 480332
episodes: 220
mean 100 episode reward: -7.5
% time spent exploring: 2
Loss: 0.0023899124935269356
********************************************************
********************************************************
steps: 525864
episodes: 230
mean 100 episode reward: -5.9
% time spent exploring: 2
Loss: 0.018070973455905914
********************************************************
********************************************************
steps: 566390
episodes: 240
mean 100 episode reward: -4.3
% time spent exploring: 2
Loss: 0.001781217404641211
********************************************************
********************************************************
steps: 609023
episodes: 250
mean 100 episode reward: -3.1
% time spent exploring: 2
Loss: 0.003769217524677515
********************************************************
********************************************************
steps: 649060
episodes: 260
mean 100 episode reward: -1.7
% time spent exploring: 2
Loss: 0.0038830465637147427
********************************************************
********************************************************
steps: 694216
episodes: 270
mean 100 episode reward: -0.7
% time spent exploring: 2
Loss: 0.0036477167159318924
********************************************************
********************************************************
steps: 737228
episodes: 280
mean 100 episode reward: 0.6
% time spent exploring: 2
Loss: 0.0018702892120927572
********************************************************
********************************************************
steps: 776349
episodes: 290
mean 100 episode reward: 1.8
% time spent exploring: 2
Loss: 0.004341474734246731
********************************************************
********************************************************
steps: 817056
episodes: 300
mean 100 episode reward: 2.6
% time spent exploring: 2
Loss: 0.003779598046094179
********************************************************
********************************************************
steps: 854030
episodes: 310
mean 100 episode reward: 3.4
% time spent exploring: 2
Loss: 0.0014866976998746395
********************************************************
********************************************************
steps: 892741
episodes: 320
mean 100 episode reward: 3.9
% time spent exploring: 2
Loss: 0.0061028385534882545
********************************************************
********************************************************
steps: 929169
episodes: 330
mean 100 episode reward: 4.3
% time spent exploring: 2
Loss: 0.0018262099474668503
********************************************************
********************************************************
steps: 967683
episodes: 340
mean 100 episode reward: 4.7
% time spent exploring: 2
Loss: 0.005103269591927528
********************************************************
Models/pongnoframeskip-v4/pongnoframeskip3.pth
Models/pongnoframeskip-v4/pongnoframeskip1.pth
Models/pongnoframeskip-v4/pongnoframeskip2.pth
