1e-06
********************************************************
steps: 8005
episodes: 10
mean 100 episode reward: -20.6
% time spent exploring: 92
Loss: [0.0]
********************************************************
********************************************************
steps: 17531
episodes: 20
mean 100 episode reward: -20.5
% time spent exploring: 82
Loss: 0.015156933106482029
********************************************************
********************************************************
steps: 26576
episodes: 30
mean 100 episode reward: -20.5
% time spent exploring: 73
Loss: 0.044678956270217896
********************************************************
********************************************************
steps: 35702
episodes: 40
mean 100 episode reward: -20.4
% time spent exploring: 65
Loss: 0.0001748249342199415
********************************************************
********************************************************
steps: 44528
episodes: 50
mean 100 episode reward: -20.3
% time spent exploring: 56
Loss: 0.0002607071364764124
********************************************************
********************************************************
steps: 53257
episodes: 60
mean 100 episode reward: -20.4
% time spent exploring: 47
Loss: 0.015056030824780464
********************************************************
********************************************************
steps: 61778
episodes: 70
mean 100 episode reward: -20.4
% time spent exploring: 39
Loss: 0.01576712541282177
********************************************************
********************************************************
steps: 70579
episodes: 80
mean 100 episode reward: -20.4
% time spent exploring: 30
Loss: 0.0004064255626872182
********************************************************
********************************************************
steps: 79471
episodes: 90
mean 100 episode reward: -20.4
% time spent exploring: 22
Loss: 7.184819696703926e-05
********************************************************
********************************************************
steps: 87713
episodes: 100
mean 100 episode reward: -20.5
% time spent exploring: 14
Loss: 0.015082625672221184
********************************************************
********************************************************
steps: 95736
episodes: 110
mean 100 episode reward: -20.5
% time spent exploring: 6
Loss: 0.0005455294740386307
********************************************************
********************************************************
steps: 103813
episodes: 120
mean 100 episode reward: -20.6
% time spent exploring: 2
Loss: 0.000164764525834471
********************************************************
********************************************************
steps: 112023
episodes: 130
mean 100 episode reward: -20.6
% time spent exploring: 2
Loss: 0.030947202816605568
********************************************************
********************************************************
steps: 119889
episodes: 140
mean 100 episode reward: -20.7
% time spent exploring: 2
Loss: 0.015090984292328358
********************************************************
********************************************************
steps: 127776
episodes: 150
mean 100 episode reward: -20.8
% time spent exploring: 2
Loss: 0.030148010700941086
********************************************************
********************************************************
steps: 136021
episodes: 160
mean 100 episode reward: -20.8
% time spent exploring: 2
Loss: 0.014969998970627785
********************************************************
********************************************************
steps: 143963
episodes: 170
mean 100 episode reward: -20.9
% time spent exploring: 2
Loss: 0.0003402622533030808
********************************************************
********************************************************
steps: 152210
episodes: 180
mean 100 episode reward: -20.8
% time spent exploring: 2
Loss: 0.015166549943387508
********************************************************
********************************************************
steps: 160815
episodes: 190
mean 100 episode reward: -20.9
% time spent exploring: 2
Loss: 0.015398032031953335
********************************************************
********************************************************
steps: 169214
episodes: 200
mean 100 episode reward: -20.9
% time spent exploring: 2
Loss: 0.0006641935324296355
********************************************************
********************************************************
steps: 177147
episodes: 210
mean 100 episode reward: -20.9
% time spent exploring: 2
Loss: 0.00034080169280059636
********************************************************
********************************************************
steps: 185214
episodes: 220
mean 100 episode reward: -20.9
% time spent exploring: 2
Loss: 0.01637609302997589
********************************************************
********************************************************
steps: 193479
episodes: 230
mean 100 episode reward: -20.9
% time spent exploring: 2
Loss: 0.0007148441509343684
********************************************************
********************************************************
steps: 201449
episodes: 240
mean 100 episode reward: -20.9
% time spent exploring: 2
Loss: 0.000552500830963254
********************************************************
********************************************************
steps: 209226
episodes: 250
mean 100 episode reward: -20.9
% time spent exploring: 2
Loss: 0.016252031549811363
********************************************************
********************************************************
steps: 217268
episodes: 260
mean 100 episode reward: -20.9
% time spent exploring: 2
Loss: 0.03217276185750961
********************************************************
********************************************************
steps: 225350
episodes: 270
mean 100 episode reward: -20.9
% time spent exploring: 2
Loss: 0.0014703574124723673
********************************************************
********************************************************
steps: 233521
episodes: 280
mean 100 episode reward: -20.9
% time spent exploring: 2
Loss: 0.017656175419688225
********************************************************
********************************************************
steps: 241739
episodes: 290
mean 100 episode reward: -20.9
% time spent exploring: 2
Loss: 0.013301183469593525
********************************************************
********************************************************
steps: 250126
episodes: 300
mean 100 episode reward: -20.9
% time spent exploring: 2
Loss: 0.0305715873837471
********************************************************
********************************************************
steps: 258118
episodes: 310
mean 100 episode reward: -20.9
% time spent exploring: 2
Loss: 0.016820359975099564
********************************************************
********************************************************
steps: 266550
episodes: 320
mean 100 episode reward: -20.8
% time spent exploring: 2
Loss: 0.016510009765625
********************************************************
********************************************************
steps: 275121
episodes: 330
mean 100 episode reward: -20.8
% time spent exploring: 2
Loss: 0.004117369186133146
********************************************************
********************************************************
steps: 283525
episodes: 340
mean 100 episode reward: -20.8
% time spent exploring: 2
Loss: 0.0046051740646362305
********************************************************
********************************************************
steps: 291677
episodes: 350
mean 100 episode reward: -20.8
% time spent exploring: 2
Loss: 0.0016351828817278147
********************************************************
********************************************************
steps: 299763
episodes: 360
mean 100 episode reward: -20.7
% time spent exploring: 2
Loss: 0.003589383326470852
********************************************************
********************************************************
steps: 308125
episodes: 370
mean 100 episode reward: -20.7
% time spent exploring: 2
Loss: 0.08267892152070999
********************************************************
********************************************************
steps: 316543
episodes: 380
mean 100 episode reward: -20.7
% time spent exploring: 2
Loss: 0.002619963139295578
********************************************************
********************************************************
steps: 324669
episodes: 390
mean 100 episode reward: -20.7
% time spent exploring: 2
Loss: 0.0018958835862576962
********************************************************
********************************************************
steps: 333012
episodes: 400
mean 100 episode reward: -20.7
% time spent exploring: 2
Loss: 0.0037712655030190945
********************************************************
********************************************************
steps: 341585
episodes: 410
mean 100 episode reward: -20.6
% time spent exploring: 2
Loss: 0.005546260625123978
********************************************************
********************************************************
steps: 349770
episodes: 420
mean 100 episode reward: -20.6
% time spent exploring: 2
Loss: 0.0020578112453222275
********************************************************
********************************************************
steps: 357873
episodes: 430
mean 100 episode reward: -20.7
% time spent exploring: 2
Loss: 0.024768173694610596
********************************************************
********************************************************
steps: 366276
episodes: 440
mean 100 episode reward: -20.7
% time spent exploring: 2
Loss: 0.02214730530977249
********************************************************
********************************************************
steps: 374433
episodes: 450
mean 100 episode reward: -20.7
% time spent exploring: 2
Loss: 0.022884871810674667
********************************************************
********************************************************
steps: 382770
episodes: 460
mean 100 episode reward: -20.7
% time spent exploring: 2
Loss: 0.004231438972055912
********************************************************
********************************************************
steps: 391148
episodes: 470
mean 100 episode reward: -20.6
% time spent exploring: 2
Loss: 0.005349499173462391
********************************************************
********************************************************
steps: 399646
episodes: 480
mean 100 episode reward: -20.6
% time spent exploring: 2
Loss: 0.01767432689666748
********************************************************
********************************************************
steps: 408168
episodes: 490
mean 100 episode reward: -20.6
% time spent exploring: 2
Loss: 0.02037810906767845
********************************************************
********************************************************
steps: 416236
episodes: 500
mean 100 episode reward: -20.6
% time spent exploring: 2
Loss: 0.030290912836790085
********************************************************
********************************************************
steps: 424426
episodes: 510
mean 100 episode reward: -20.6
% time spent exploring: 2
Loss: 0.01966436393558979
********************************************************
********************************************************
steps: 432609
episodes: 520
mean 100 episode reward: -20.7
% time spent exploring: 2
Loss: 0.003906157799065113
********************************************************
********************************************************
steps: 441003
episodes: 530
mean 100 episode reward: -20.6
% time spent exploring: 2
Loss: 0.024403981864452362
********************************************************
********************************************************
steps: 449179
episodes: 540
mean 100 episode reward: -20.7
% time spent exploring: 2
Loss: 0.017427580431103706
********************************************************
********************************************************
steps: 457487
episodes: 550
mean 100 episode reward: -20.6
% time spent exploring: 2
Loss: 0.019263282418251038
********************************************************
********************************************************
steps: 465540
episodes: 560
mean 100 episode reward: -20.6
% time spent exploring: 2
Loss: 0.015756092965602875
********************************************************
********************************************************
steps: 473575
episodes: 570
mean 100 episode reward: -20.7
% time spent exploring: 2
Loss: 0.0011486585717648268
********************************************************
********************************************************
steps: 481716
episodes: 580
mean 100 episode reward: -20.7
% time spent exploring: 2
Loss: 0.020102346315979958
********************************************************
********************************************************
steps: 489789
episodes: 590
mean 100 episode reward: -20.7
% time spent exploring: 2
Loss: 0.0019852695986628532
********************************************************
********************************************************
steps: 497931
episodes: 600
mean 100 episode reward: -20.7
% time spent exploring: 2
Loss: 0.007762561552226543
********************************************************
********************************************************
steps: 505943
episodes: 610
mean 100 episode reward: -20.7
% time spent exploring: 2
Loss: 0.003453314770013094
********************************************************
********************************************************
steps: 514094
episodes: 620
mean 100 episode reward: -20.7
% time spent exploring: 2
Loss: 0.029031865298748016
********************************************************
********************************************************
steps: 521986
episodes: 630
mean 100 episode reward: -20.7
% time spent exploring: 2
Loss: 0.016527412459254265
********************************************************
********************************************************
steps: 530052
episodes: 640
mean 100 episode reward: -20.7
% time spent exploring: 2
Loss: 0.03199346363544464
********************************************************
********************************************************
steps: 537994
episodes: 650
mean 100 episode reward: -20.8
% time spent exploring: 2
Loss: 0.003222695318982005
********************************************************
********************************************************
steps: 546149
episodes: 660
mean 100 episode reward: -20.8
% time spent exploring: 2
Loss: 0.03135029599070549
********************************************************
********************************************************
steps: 554299
episodes: 670
mean 100 episode reward: -20.8
% time spent exploring: 2
Loss: 0.00634745554998517
********************************************************
********************************************************
steps: 562285
episodes: 680
mean 100 episode reward: -20.8
% time spent exploring: 2
Loss: 0.003196783596649766
********************************************************
********************************************************
steps: 570413
episodes: 690
mean 100 episode reward: -20.8
% time spent exploring: 2
Loss: 0.03865506500005722
********************************************************
********************************************************
steps: 578519
episodes: 700
mean 100 episode reward: -20.8
% time spent exploring: 2
Loss: 0.025118529796600342
********************************************************
********************************************************
steps: 586635
episodes: 710
mean 100 episode reward: -20.8
% time spent exploring: 2
Loss: 0.015519528649747372
********************************************************
********************************************************
steps: 594607
episodes: 720
mean 100 episode reward: -20.8
% time spent exploring: 2
Loss: 0.011997330002486706
********************************************************
********************************************************
steps: 602489
episodes: 730
mean 100 episode reward: -20.8
% time spent exploring: 2
Loss: 0.005792052019387484
********************************************************
********************************************************
steps: 610588
episodes: 740
mean 100 episode reward: -20.8
% time spent exploring: 2
Loss: 0.01841830089688301
********************************************************
********************************************************
steps: 618602
episodes: 750
mean 100 episode reward: -20.8
% time spent exploring: 2
Loss: 0.015077878721058369
********************************************************
********************************************************
steps: 626728
episodes: 760
mean 100 episode reward: -20.8
% time spent exploring: 2
Loss: 0.011060040444135666
********************************************************
********************************************************
steps: 635122
episodes: 770
mean 100 episode reward: -20.8
% time spent exploring: 2
Loss: 0.007388446945697069
********************************************************
********************************************************
steps: 643128
episodes: 780
mean 100 episode reward: -20.8
% time spent exploring: 2
Loss: 0.03545749932527542
********************************************************
********************************************************
steps: 651461
episodes: 790
mean 100 episode reward: -20.8
% time spent exploring: 2
Loss: 0.0042531974613666534
********************************************************
********************************************************
steps: 659547
episodes: 800
mean 100 episode reward: -20.8
% time spent exploring: 2
Loss: 0.01918838731944561
********************************************************
********************************************************
steps: 667875
episodes: 810
mean 100 episode reward: -20.8
% time spent exploring: 2
Loss: 0.022349432110786438
********************************************************
********************************************************
steps: 675893
episodes: 820
mean 100 episode reward: -20.8
% time spent exploring: 2
Loss: 0.02867775224149227
********************************************************
********************************************************
steps: 684056
episodes: 830
mean 100 episode reward: -20.8
% time spent exploring: 2
Loss: 0.008126975037157536
********************************************************
********************************************************
steps: 692376
episodes: 840
mean 100 episode reward: -20.8
% time spent exploring: 2
Loss: 0.015027964487671852
********************************************************
********************************************************
steps: 700652
episodes: 850
mean 100 episode reward: -20.8
% time spent exploring: 2
Loss: 0.005319215822964907
********************************************************
********************************************************
steps: 709297
episodes: 860
mean 100 episode reward: -20.8
% time spent exploring: 2
Loss: 0.042115699499845505
********************************************************
********************************************************
steps: 717735
episodes: 870
mean 100 episode reward: -20.8
% time spent exploring: 2
Loss: 0.01530948281288147
********************************************************
********************************************************
steps: 726073
episodes: 880
mean 100 episode reward: -20.8
% time spent exploring: 2
Loss: 0.005077666137367487
********************************************************
********************************************************
steps: 734635
episodes: 890
mean 100 episode reward: -20.8
% time spent exploring: 2
Loss: 0.005661512725055218
********************************************************
********************************************************
steps: 742988
episodes: 900
mean 100 episode reward: -20.8
% time spent exploring: 2
Loss: 0.009446154348552227
********************************************************
********************************************************
steps: 751283
episodes: 910
mean 100 episode reward: -20.8
% time spent exploring: 2
Loss: 0.010161783546209335
********************************************************
********************************************************
steps: 759955
episodes: 920
mean 100 episode reward: -20.8
% time spent exploring: 2
Loss: 0.006003532093018293
********************************************************
********************************************************
steps: 768304
episodes: 930
mean 100 episode reward: -20.8
% time spent exploring: 2
Loss: 0.004346015863120556
********************************************************
********************************************************
steps: 776579
episodes: 940
mean 100 episode reward: -20.8
% time spent exploring: 2
Loss: 0.006127445958554745
********************************************************
********************************************************
steps: 784666
episodes: 950
mean 100 episode reward: -20.8
% time spent exploring: 2
Loss: 0.00412710988894105
********************************************************
********************************************************
steps: 793027
episodes: 960
mean 100 episode reward: -20.8
% time spent exploring: 2
Loss: 0.005498629994690418
********************************************************
********************************************************
steps: 801349
episodes: 970
mean 100 episode reward: -20.8
% time spent exploring: 2
Loss: 0.002835955936461687
********************************************************
********************************************************
steps: 809610
episodes: 980
mean 100 episode reward: -20.8
% time spent exploring: 2
Loss: 0.016907237470149994
********************************************************
********************************************************
steps: 817880
episodes: 990
mean 100 episode reward: -20.9
% time spent exploring: 2
Loss: 0.004356069955974817
********************************************************
********************************************************
steps: 826150
episodes: 1000
mean 100 episode reward: -20.9
% time spent exploring: 2
Loss: 0.014192267321050167
********************************************************
********************************************************
steps: 834625
episodes: 1010
mean 100 episode reward: -20.9
% time spent exploring: 2
Loss: 0.013655496761202812
********************************************************
********************************************************
steps: 843119
episodes: 1020
mean 100 episode reward: -20.9
% time spent exploring: 2
Loss: 0.003003958845511079
********************************************************
********************************************************
steps: 851769
episodes: 1030
mean 100 episode reward: -20.9
% time spent exploring: 2
Loss: 0.009968476369976997
********************************************************
********************************************************
steps: 860242
episodes: 1040
mean 100 episode reward: -20.9
% time spent exploring: 2
Loss: 0.015731215476989746
********************************************************
********************************************************
steps: 868929
episodes: 1050
mean 100 episode reward: -20.9
% time spent exploring: 2
Loss: 0.01178513839840889
********************************************************
********************************************************
steps: 877182
episodes: 1060
mean 100 episode reward: -20.9
% time spent exploring: 2
Loss: 0.01855984702706337
********************************************************
********************************************************
steps: 885678
episodes: 1070
mean 100 episode reward: -20.9
% time spent exploring: 2
Loss: 0.005629411898553371
********************************************************
********************************************************
steps: 894134
episodes: 1080
mean 100 episode reward: -20.9
% time spent exploring: 2
Loss: 0.004959182348102331
********************************************************
********************************************************
steps: 902334
episodes: 1090
mean 100 episode reward: -20.9
% time spent exploring: 2
Loss: 0.007975595071911812
********************************************************
********************************************************
steps: 910631
episodes: 1100
mean 100 episode reward: -20.9
% time spent exploring: 2
Loss: 0.002833237173035741
********************************************************
********************************************************
steps: 918993
episodes: 1110
mean 100 episode reward: -20.8
% time spent exploring: 2
Loss: 0.012689754366874695
********************************************************
********************************************************
steps: 927163
episodes: 1120
mean 100 episode reward: -20.8
% time spent exploring: 2
Loss: 0.009315717965364456
********************************************************
********************************************************
steps: 935530
episodes: 1130
mean 100 episode reward: -20.9
% time spent exploring: 2
Loss: 0.015343738719820976
********************************************************
********************************************************
steps: 943927
episodes: 1140
mean 100 episode reward: -20.9
% time spent exploring: 2
Loss: 0.008013837039470673
********************************************************
********************************************************
steps: 951948
episodes: 1150
mean 100 episode reward: -20.9
% time spent exploring: 2
Loss: 0.010688899084925652
********************************************************
********************************************************
steps: 960556
episodes: 1160
mean 100 episode reward: -20.9
% time spent exploring: 2
Loss: 0.02389313094317913
********************************************************
********************************************************
steps: 969357
episodes: 1170
mean 100 episode reward: -20.8
% time spent exploring: 2
Loss: 0.007120621390640736
********************************************************
********************************************************
steps: 977544
episodes: 1180
mean 100 episode reward: -20.8
% time spent exploring: 2
Loss: 0.0037981148343533278
********************************************************
********************************************************
steps: 986700
episodes: 1190
mean 100 episode reward: -20.8
% time spent exploring: 2
Loss: 0.002491012681275606
********************************************************
********************************************************
steps: 995296
episodes: 1200
mean 100 episode reward: -20.8
% time spent exploring: 2
Loss: 0.0033017885871231556
********************************************************
Models/pongnoframeskip-v4/pongnoframeskip3.pth
Models/pongnoframeskip-v4/pongnoframeskip5.pth
Models/pongnoframeskip-v4/pongnoframeskip1.pth
Models/pongnoframeskip-v4/pongnoframeskip4.pth
Models/pongnoframeskip-v4/pongnoframeskip2.pth
