1e-05
********************************************************
steps: 8407
episodes: 10
mean 100 episode reward: -20.4
% time spent exploring: 91
Loss: [0.0]
********************************************************
********************************************************
steps: 17730
episodes: 20
mean 100 episode reward: -20.4
% time spent exploring: 82
Loss: 0.0001978062791749835
********************************************************
********************************************************
steps: 26766
episodes: 30
mean 100 episode reward: -20.3
% time spent exploring: 73
Loss: 0.04569043219089508
********************************************************
********************************************************
steps: 36252
episodes: 40
mean 100 episode reward: -20.4
% time spent exploring: 64
Loss: 0.027944529429078102
********************************************************
********************************************************
steps: 45010
episodes: 50
mean 100 episode reward: -20.4
% time spent exploring: 55
Loss: 0.0013665389269590378
********************************************************
********************************************************
steps: 54082
episodes: 60
mean 100 episode reward: -20.4
% time spent exploring: 46
Loss: 0.016538958996534348
********************************************************
********************************************************
steps: 63072
episodes: 70
mean 100 episode reward: -20.4
% time spent exploring: 38
Loss: 0.009068761020898819
********************************************************
********************************************************
steps: 71471
episodes: 80
mean 100 episode reward: -20.4
% time spent exploring: 29
Loss: 0.0032064435072243214
********************************************************
********************************************************
steps: 80138
episodes: 90
mean 100 episode reward: -20.4
% time spent exploring: 21
Loss: 0.0014204583130776882
********************************************************
********************************************************
steps: 88917
episodes: 100
mean 100 episode reward: -20.4
% time spent exploring: 12
Loss: 0.0025621610693633556
********************************************************
********************************************************
steps: 97980
episodes: 110
mean 100 episode reward: -20.4
% time spent exploring: 3
Loss: 0.003689343109726906
********************************************************
********************************************************
steps: 106210
episodes: 120
mean 100 episode reward: -20.5
% time spent exploring: 2
Loss: 0.00182056101039052
********************************************************
********************************************************
steps: 115610
episodes: 130
mean 100 episode reward: -20.5
% time spent exploring: 2
Loss: 0.0015860111452639103
********************************************************
********************************************************
steps: 124724
episodes: 140
mean 100 episode reward: -20.5
% time spent exploring: 2
Loss: 0.0024060264695435762
********************************************************
********************************************************
steps: 133814
episodes: 150
mean 100 episode reward: -20.5
% time spent exploring: 2
Loss: 0.0008343007648363709
********************************************************
********************************************************
steps: 143011
episodes: 160
mean 100 episode reward: -20.5
% time spent exploring: 2
Loss: 0.0007927691331133246
********************************************************
********************************************************
steps: 152225
episodes: 170
mean 100 episode reward: -20.5
% time spent exploring: 2
Loss: 0.002112693153321743
********************************************************
********************************************************
steps: 160725
episodes: 180
mean 100 episode reward: -20.5
% time spent exploring: 2
Loss: 0.0022752222139388323
********************************************************
********************************************************
steps: 169874
episodes: 190
mean 100 episode reward: -20.6
% time spent exploring: 2
Loss: 0.0023738653399050236
********************************************************
********************************************************
steps: 179036
episodes: 200
mean 100 episode reward: -20.6
% time spent exploring: 2
Loss: 0.0036068062763661146
********************************************************
********************************************************
steps: 188607
episodes: 210
mean 100 episode reward: -20.5
% time spent exploring: 2
Loss: 0.0016994503093883395
********************************************************
********************************************************
steps: 197564
episodes: 220
mean 100 episode reward: -20.5
% time spent exploring: 2
Loss: 0.0011282212799414992
********************************************************
********************************************************
steps: 207519
episodes: 230
mean 100 episode reward: -20.5
% time spent exploring: 2
Loss: 0.00210930360481143
********************************************************
********************************************************
steps: 216658
episodes: 240
mean 100 episode reward: -20.5
% time spent exploring: 2
Loss: 0.0015468839555978775
********************************************************
********************************************************
steps: 226612
episodes: 250
mean 100 episode reward: -20.5
% time spent exploring: 2
Loss: 0.0024377331137657166
********************************************************
********************************************************
steps: 236294
episodes: 260
mean 100 episode reward: -20.5
% time spent exploring: 2
Loss: 0.004323963075876236
********************************************************
********************************************************
steps: 245356
episodes: 270
mean 100 episode reward: -20.5
% time spent exploring: 2
Loss: 0.0033394780475646257
********************************************************
********************************************************
steps: 255179
episodes: 280
mean 100 episode reward: -20.4
% time spent exploring: 2
Loss: 0.0013342008460313082
********************************************************
********************************************************
steps: 264859
episodes: 290
mean 100 episode reward: -20.4
% time spent exploring: 2
Loss: 0.0008396322373300791
********************************************************
********************************************************
steps: 274106
episodes: 300
mean 100 episode reward: -20.4
% time spent exploring: 2
Loss: 0.0030227527022361755
********************************************************
********************************************************
steps: 283855
episodes: 310
mean 100 episode reward: -20.4
% time spent exploring: 2
Loss: 0.003504217369481921
********************************************************
********************************************************
steps: 293225
episodes: 320
mean 100 episode reward: -20.4
% time spent exploring: 2
Loss: 0.0022373460233211517
********************************************************
********************************************************
steps: 302986
episodes: 330
mean 100 episode reward: -20.3
% time spent exploring: 2
Loss: 0.005094449035823345
********************************************************
********************************************************
steps: 312501
episodes: 340
mean 100 episode reward: -20.3
% time spent exploring: 2
Loss: 0.0028962891083210707
********************************************************
********************************************************
steps: 322412
episodes: 350
mean 100 episode reward: -20.4
% time spent exploring: 2
Loss: 0.0029483868274837732
********************************************************
********************************************************
steps: 332531
episodes: 360
mean 100 episode reward: -20.3
% time spent exploring: 2
Loss: 0.005884391255676746
********************************************************
********************************************************
steps: 343493
episodes: 370
mean 100 episode reward: -20.2
% time spent exploring: 2
Loss: 0.002697969786822796
********************************************************
********************************************************
steps: 355009
episodes: 380
mean 100 episode reward: -20.2
% time spent exploring: 2
Loss: 0.0017440030351281166
********************************************************
********************************************************
steps: 366736
episodes: 390
mean 100 episode reward: -20.1
% time spent exploring: 2
Loss: 0.0008026098948903382
********************************************************
********************************************************
steps: 377354
episodes: 400
mean 100 episode reward: -20.1
% time spent exploring: 2
Loss: 0.001915422035381198
********************************************************
********************************************************
steps: 389689
episodes: 410
mean 100 episode reward: -19.9
% time spent exploring: 2
Loss: 0.004028842784464359
********************************************************
********************************************************
steps: 401696
episodes: 420
mean 100 episode reward: -19.8
% time spent exploring: 2
Loss: 0.0013207771116867661
********************************************************
********************************************************
steps: 414963
episodes: 430
mean 100 episode reward: -19.7
% time spent exploring: 2
Loss: 0.0014806663384661078
********************************************************
********************************************************
steps: 428950
episodes: 440
mean 100 episode reward: -19.6
% time spent exploring: 2
Loss: 0.0037065818905830383
********************************************************
********************************************************
steps: 443786
episodes: 450
mean 100 episode reward: -19.4
% time spent exploring: 2
Loss: 0.006632179021835327
********************************************************
********************************************************
steps: 458486
episodes: 460
mean 100 episode reward: -19.3
% time spent exploring: 2
Loss: 0.004602459259331226
********************************************************
********************************************************
steps: 473986
episodes: 470
mean 100 episode reward: -19.1
% time spent exploring: 2
Loss: 0.002092423615977168
********************************************************
********************************************************
steps: 488724
episodes: 480
mean 100 episode reward: -19.0
% time spent exploring: 2
Loss: 0.0012950756354257464
********************************************************
********************************************************
steps: 503812
episodes: 490
mean 100 episode reward: -18.8
% time spent exploring: 2
Loss: 0.000898825004696846
********************************************************
********************************************************
steps: 519467
episodes: 500
mean 100 episode reward: -18.5
% time spent exploring: 2
Loss: 0.011031027883291245
********************************************************
********************************************************
steps: 536559
episodes: 510
mean 100 episode reward: -18.3
% time spent exploring: 2
Loss: 0.0015678523341193795
********************************************************
********************************************************
steps: 552833
episodes: 520
mean 100 episode reward: -17.9
% time spent exploring: 2
Loss: 0.0035695754922926426
********************************************************
********************************************************
steps: 570113
episodes: 530
mean 100 episode reward: -17.7
% time spent exploring: 2
Loss: 0.0036304928362369537
********************************************************
********************************************************
steps: 589370
episodes: 540
mean 100 episode reward: -17.2
% time spent exploring: 2
Loss: 0.0030043646693229675
********************************************************
********************************************************
steps: 608180
episodes: 550
mean 100 episode reward: -16.8
% time spent exploring: 2
Loss: 0.002286359667778015
********************************************************
********************************************************
steps: 627562
episodes: 560
mean 100 episode reward: -16.5
% time spent exploring: 2
Loss: 0.0025516077876091003
********************************************************
********************************************************
steps: 644816
episodes: 570
mean 100 episode reward: -16.4
% time spent exploring: 2
Loss: 0.0015539319720119238
********************************************************
********************************************************
steps: 666801
episodes: 580
mean 100 episode reward: -15.8
% time spent exploring: 2
Loss: 0.0036651119589805603
********************************************************
********************************************************
steps: 688838
episodes: 590
mean 100 episode reward: -15.3
% time spent exploring: 2
Loss: 0.0031673938501626253
********************************************************
********************************************************
steps: 711932
episodes: 600
mean 100 episode reward: -14.8
% time spent exploring: 2
Loss: 0.001391884172335267
********************************************************
********************************************************
steps: 732762
episodes: 610
mean 100 episode reward: -14.7
% time spent exploring: 2
Loss: 0.0010284101590514183
********************************************************
********************************************************
steps: 754719
episodes: 620
mean 100 episode reward: -14.5
% time spent exploring: 2
Loss: 0.0011276083532720804
********************************************************
********************************************************
steps: 777917
episodes: 630
mean 100 episode reward: -14.3
% time spent exploring: 2
Loss: 0.0011059485841542482
********************************************************
********************************************************
steps: 803065
episodes: 640
mean 100 episode reward: -14.1
% time spent exploring: 2
Loss: 0.0007504579261876643
********************************************************
********************************************************
steps: 825555
episodes: 650
mean 100 episode reward: -13.9
% time spent exploring: 2
Loss: 0.0029613322112709284
********************************************************
********************************************************
steps: 851250
episodes: 660
mean 100 episode reward: -13.6
% time spent exploring: 2
Loss: 0.001749855699017644
********************************************************
********************************************************
steps: 874695
episodes: 670
mean 100 episode reward: -13.2
% time spent exploring: 2
Loss: 0.0009929572697728872
********************************************************
********************************************************
steps: 903430
episodes: 680
mean 100 episode reward: -13.1
% time spent exploring: 2
Loss: 0.0018866460304707289
********************************************************
********************************************************
steps: 927493
episodes: 690
mean 100 episode reward: -13.2
% time spent exploring: 2
Loss: 0.004082057625055313
********************************************************
********************************************************
steps: 954346
episodes: 700
mean 100 episode reward: -13.0
% time spent exploring: 2
Loss: 0.0015106057981029153
********************************************************
********************************************************
steps: 984194
episodes: 710
mean 100 episode reward: -12.4
% time spent exploring: 2
Loss: 0.0013924132799729705
********************************************************
Models/pongnoframeskip-v4/pongnoframeskip3.pth
Models/pongnoframeskip-v4/pongnoframeskip1.pth
Models/pongnoframeskip-v4/pongnoframeskip4.pth
Models/pongnoframeskip-v4/pongnoframeskip2.pth
